{"numTotalTestSuites":19,"numPassedTestSuites":19,"numFailedTestSuites":0,"numPendingTestSuites":0,"numTotalTests":65,"numPassedTests":65,"numFailedTests":0,"numPendingTests":0,"numTodoTests":0,"snapshot":{"added":0,"failure":false,"filesAdded":0,"filesRemoved":0,"filesRemovedList":[],"filesUnmatched":0,"filesUpdated":0,"matched":0,"total":0,"unchecked":0,"uncheckedKeysByFile":[],"unmatched":0,"updated":0,"didUpdate":false},"startTime":1789098120994,"success":true,"testResults":[{"assertionResults":[{"ancestorTitles":["checkpoint adapter"],"fullName":"checkpoint adapter recovers only the actual session binding from disk and does not enumerate tasks","status":"passed","title":"recovers only the actual session binding from disk and does not enumerate tasks","duration":232.40210000000002,"failureMessages":[],"meta":{},"tags":[]},{"ancestorTitles":["checkpoint adapter"],"fullName":"checkpoint adapter rejects changed task.json across reload","status":"passed","title":"rejects changed task.json across reload","duration":105.18229999999994,"failureMessages":[],"meta":{},"tags":[]},{"ancestorTitles":["checkpoint adapter"],"fullName":"checkpoint adapter rejects changed external-state.json across reload","status":"passed","title":"rejects changed external-state.json across reload","duration":108.01580000000001,"failureMessages":[],"meta":{},"tags":[]},{"ancestorTitles":["checkpoint adapter"],"fullName":"checkpoint adapter rejects changed checkpoint.json across reload","status":"passed","title":"rejects changed checkpoint.json across reload","duration":103.88900000000001,"failureMessages":[],"meta":{},"tags":[]},{"ancestorTitles":["checkpoint adapter"],"fullName":"checkpoint adapter rejects changed result across reload","status":"passed","title":"rejects changed result across reload","duration":104.03650000000016,"failureMessages":[],"meta":{},"tags":[]},{"ancestorTitles":["checkpoint adapter"],"fullName":"checkpoint adapter preserves exact receipts, reuses durable transport calls, and records prevented logical duplicates","status":"passed","title":"preserves exact receipts, reuses durable transport calls, and records prevented logical duplicates","duration":158.92200000000003,"failureMessages":[],"meta":{},"tags":[]},{"ancestorTitles":["checkpoint adapter"],"fullName":"checkpoint adapter checks old/new IDs and every exact digest and receipt independently","status":"passed","title":"checks old/new IDs and every exact digest and receipt independently","duration":227.66769999999997,"failureMessages":[],"meta":{},"tags":[]},{"ancestorTitles":["checkpoint adapter"],"fullName":"checkpoint adapter does not expose data or execute a job for an unbound session","status":"passed","title":"does not expose data or execute a job for an unbound session","duration":106.58690000000001,"failureMessages":[],"meta":{},"tags":[]},{"ancestorTitles":["checkpoint adapter"],"fullName":"checkpoint adapter caps new logical calls before executing an additional operation","status":"passed","title":"caps new logical calls before executing an additional operation","duration":211.5089999999998,"failureMessages":[],"meta":{},"tags":[]},{"ancestorTitles":["fixed study and falsification"],"fullName":"fixed study and falsification uses identical fresh instructions without task data, and an exclusive paid dispatch claim","status":"passed","title":"uses identical fresh instructions without task data, and an exclusive paid dispatch claim","duration":105.99310000000014,"failureMessages":[],"meta":{},"tags":[]},{"ancestorTitles":["fixed study and falsification"],"fullName":"fixed study and falsification supports a valid recovery but rejects prevented repetition and an inaccurate report","status":"passed","title":"supports a valid recovery but rejects prevented repetition and an inaccurate report","duration":0.463799999999992,"failureMessages":[],"meta":{},"tags":[]},{"ancestorTitles":["fixed study and falsification"],"fullName":"fixed study and falsification keeps API errors, missing setup, corruption and contaminated requests inconclusive","status":"passed","title":"keeps API errors, missing setup, corruption and contaminated requests inconclusive","duration":0.23309999999992215,"failureMessages":[],"meta":{},"tags":[]},{"ancestorTitles":["fixed study and falsification"],"fullName":"fixed study and falsification requires an explicit empty blocked report and no unbound process attempt","status":"passed","title":"requires an explicit empty blocked report and no unbound process attempt","duration":0.18880000000012842,"failureMessages":[],"meta":{},"tags":[]},{"ancestorTitles":[],"fullName":"binds the actual SDK-created session once, before dispatching any pending function","status":"passed","title":"binds the actual SDK-created session once, before dispatching any pending function","duration":26.261900000000196,"failureMessages":[],"meta":{},"tags":[]}],"startTime":1789098121566,"endTime":1789098123058.262,"status":"passed","message":"","name":"C:/Users/Darian/Desktop/codex/tracer/test/checkpoint.test.ts"},{"assertionResults":[{"ancestorTitles":["Responses compaction evidence"],"fullName":"Responses compaction evidence distinguishes service compaction, retained plaintext, and opaque content","status":"passed","title":"distinguishes service compaction, retained plaintext, and opaque content","duration":4.403999999999996,"failureMessages":[],"meta":{},"tags":[]},{"ancestorTitles":["Responses compaction evidence"],"fullName":"Responses compaction evidence retains the complete canonical output without mutation or additional prior history","status":"passed","title":"retains the complete canonical output without mutation or additional prior history","duration":0.38229999999998654,"failureMessages":[],"meta":{},"tags":[]},{"ancestorTitles":["Responses compaction evidence"],"fullName":"Responses compaction evidence separates locator recovery from copying errors and requires a working control","status":"passed","title":"separates locator recovery from copying errors and requires a working control","duration":0.4798999999999296,"failureMessages":[],"meta":{},"tags":[]},{"ancestorTitles":["study allowance"],"fullName":"study allowance keeps unknown usage reserved and refuses more paid work","status":"passed","title":"keeps unknown usage reserved and refuses more paid work","duration":1.250599999999963,"failureMessages":[],"meta":{},"tags":[]},{"ancestorTitles":["study allowance"],"fullName":"study allowance refuses admission near the threshold and stops on reported overshoot","status":"passed","title":"refuses admission near the threshold and stops on reported overshoot","duration":0.525600000000054,"failureMessages":[],"meta":{},"tags":[]},{"ancestorTitles":["study allowance"],"fullName":"study allowance bounds request count and makes the dispatch claim exclusive","status":"passed","title":"bounds request count and makes the dispatch claim exclusive","duration":4.277400000000057,"failureMessages":[],"meta":{},"tags":[]},{"ancestorTitles":["official SDK paired transport"],"fullName":"official SDK paired transport uses compact output exclusively for treatment and separates all branch tool results","status":"passed","title":"uses compact output exclusively for treatment and separates all branch tool results","duration":98.24119999999994,"failureMessages":[],"meta":{},"tags":[]},{"ancestorTitles":["official SDK paired transport"],"fullName":"official SDK paired transport stops on an unsupported compact call without retries or replacement trials","status":"passed","title":"stops on an unsupported compact call without retries or replacement trials","duration":24.92820000000006,"failureMessages":[],"meta":{},"tags":[]}],"startTime":1789098121621,"endTime":1789098121755.9282,"status":"passed","message":"","name":"C:/Users/Darian/Desktop/codex/tracer/test/compact.test.ts"},{"assertionResults":[{"ancestorTitles":["follow-up evidence"],"fullName":"follow-up evidence prevents a second Stage B dispatch from resetting the shared spending allowance","status":"passed","title":"prevents a second Stage B dispatch from resetting the shared spending allowance","duration":6.23660000000001,"failureMessages":[],"meta":{},"tags":[]},{"ancestorTitles":["follow-up evidence"],"fullName":"follow-up evidence binds the new frozen protocol and keeps six fresh trials separate from v4","status":"passed","title":"binds the new frozen protocol and keeps six fresh trials separate from v4","duration":5.187900000000013,"failureMessages":[],"meta":{},"tags":[]},{"ancestorTitles":["follow-up evidence"],"fullName":"follow-up evidence separates collection agreement from child accuracy (complete=true)","status":"passed","title":"separates collection agreement from child accuracy (complete=true)","duration":7.1778999999999655,"failureMessages":[],"meta":{},"tags":[]},{"ancestorTitles":["follow-up evidence"],"fullName":"follow-up evidence separates collection agreement from child accuracy (complete=false)","status":"passed","title":"separates collection agreement from child accuracy (complete=false)","duration":5.908900000000017,"failureMessages":[],"meta":{},"tags":[]}],"startTime":1789098121323,"endTime":1789098121347.909,"status":"passed","message":"","name":"C:/Users/Darian/Desktop/codex/tracer/test/followup.test.ts"},{"assertionResults":[{"ancestorTitles":["protocol and budget"],"fullName":"protocol and budget binds the USD 2 Luna cohort to its frozen documents and prior accounting","status":"passed","title":"binds the USD 2 Luna cohort to its frozen documents and prior accounting","duration":4.116600000000062,"failureMessages":[],"meta":{},"tags":[]},{"ancestorTitles":["protocol and budget"],"fullName":"protocol and budget has nine fresh seeds, rotating arm order, and no nonce in any request","status":"passed","title":"has nine fresh seeds, rotating arm order, and no nonce in any request","duration":1.6440000000000055,"failureMessages":[],"meta":{},"tags":[]},{"ancestorTitles":["protocol and budget"],"fullName":"protocol and budget refuses inference even when a credential could exist","status":"passed","title":"refuses inference even when a credential could exist","duration":1.3431999999999107,"failureMessages":[],"meta":{},"tags":[]},{"ancestorTitles":["protocol and budget"],"fullName":"protocol and budget admits the explicitly approved reported-usage policy without claiming a hard cap","status":"passed","title":"admits the explicitly approved reported-usage policy without claiming a hard cap","duration":0.7880999999999858,"failureMessages":[],"meta":{},"tags":[]},{"ancestorTitles":["protocol and budget"],"fullName":"protocol and budget rejects excess output before incrementing admissions","status":"passed","title":"rejects excess output before incrementing admissions","duration":0.3850999999999658,"failureMessages":[],"meta":{},"tags":[]},{"ancestorTitles":["protocol and budget"],"fullName":"protocol and budget caps HTTP requests while reserving cancellation capacity","status":"passed","title":"caps HTTP requests while reserving cancellation capacity","duration":4.615499999999997,"failureMessages":[],"meta":{},"tags":[]},{"ancestorTitles":["protocol and budget"],"fullName":"protocol and budget inventories the pinned real SDK without claiming the error enum is a configurable cap","status":"passed","title":"inventories the pinned real SDK without claiming the error enum is a configurable cap","duration":22.43369999999993,"failureMessages":[],"meta":{},"tags":[]},{"ancestorTitles":["reported usage stopping guard"],"fullName":"reported usage stopping guard deduplicates root/child snapshots and uses the greater aggregate instead of adding it","status":"passed","title":"deduplicates root/child snapshots and uses the greater aggregate instead of adding it","duration":0.6153000000000475,"failureMessages":[],"meta":{},"tags":[]},{"ancestorTitles":["reported usage stopping guard"],"fullName":"reported usage stopping guard includes reasoning within output once, ignores cache discounts, and stops at the trial threshold","status":"passed","title":"includes reasoning within output once, ignores cache discounts, and stops at the trial threshold","duration":0.42060000000003583,"failureMessages":[],"meta":{},"tags":[]},{"ancestorTitles":["reported usage stopping guard"],"fullName":"reported usage stopping guard stops on total study usage, missing turns, invalid counts, or a different model","status":"passed","title":"stops on total study usage, missing turns, invalid counts, or a different model","duration":0.7722999999999729,"failureMessages":[],"meta":{},"tags":[]},{"ancestorTitles":["reported usage stopping guard"],"fullName":"reported usage stopping guard includes the previous attempt without treating its usage as current-session telemetry","status":"passed","title":"includes the previous attempt without treating its usage as current-session telemetry","duration":0.27290000000004966,"failureMessages":[],"meta":{},"tags":[]},{"ancestorTitles":["reported usage stopping guard"],"fullName":"reported usage stopping guard reserves missing usage rather than pricing it as zero and releases only to observed cost","status":"passed","title":"reserves missing usage rather than pricing it as zero and releases only to observed cost","duration":0.22749999999996362,"failureMessages":[],"meta":{},"tags":[]},{"ancestorTitles":["function and evidence integrity"],"fullName":"function and evidence integrity reuses identical calls, rejects changed duplicates and new calls repeating a logical operation","status":"passed","title":"reuses identical calls, rejects changed duplicates and new calls repeating a logical operation","duration":4.04340000000002,"failureMessages":[],"meta":{},"tags":[]},{"ancestorTitles":["function and evidence integrity"],"fullName":"function and evidence integrity rejects duplicate results","status":"passed","title":"rejects duplicate results","duration":1.8922000000000025,"failureMessages":[],"meta":{},"tags":[]},{"ancestorTitles":["function and evidence integrity"],"fullName":"function and evidence integrity rejects missing results","status":"passed","title":"rejects missing results","duration":1.519900000000007,"failureMessages":[],"meta":{},"tags":[]},{"ancestorTitles":["function and evidence integrity"],"fullName":"function and evidence integrity rejects stale results","status":"passed","title":"rejects stale results","duration":1.8600000000000136,"failureMessages":[],"meta":{},"tags":[]},{"ancestorTitles":["function and evidence integrity"],"fullName":"function and evidence integrity rejects extra results","status":"passed","title":"rejects extra results","duration":1.9184000000000196,"failureMessages":[],"meta":{},"tags":[]},{"ancestorTitles":["function and evidence integrity"],"fullName":"function and evidence integrity checks exact results independently of the model final answer","status":"passed","title":"checks exact results independently of the model final answer","duration":1.8496999999999844,"failureMessages":[],"meta":{},"tags":[]},{"ancestorTitles":["function and evidence integrity"],"fullName":"function and evidence integrity detects tampering and redacts configured secrets","status":"passed","title":"detects tampering and redacts configured secrets","duration":4.196900000000028,"failureMessages":[],"meta":{},"tags":[]},{"ancestorTitles":["function and evidence integrity"],"fullName":"function and evidence integrity collects all pages and refuses a non-terminating page sequence","status":"passed","title":"collects all pages and refuses a non-terminating page sequence","duration":5.895799999999895,"failureMessages":[],"meta":{},"tags":[]},{"ancestorTitles":["falsification decisions"],"fullName":"falsification decisions never treats correct strings and child IDs as proof of the route","status":"passed","title":"never treats correct strings and child IDs as proof of the route","duration":0.5430000000000064,"failureMessages":[],"meta":{},"tags":[]},{"ancestorTitles":["falsification decisions"],"fullName":"falsification decisions supports only all three controlled and independently reviewed blocks","status":"passed","title":"supports only all three controlled and independently reviewed blocks","duration":0.17580000000009477,"failureMessages":[],"meta":{},"tags":[]},{"ancestorTitles":["falsification decisions"],"fullName":"falsification decisions returns a clean negative for repeated verified runtime rejection","status":"passed","title":"returns a clean negative for repeated verified runtime rejection","duration":0.3248999999999569,"failureMessages":[],"meta":{},"tags":[]},{"ancestorTitles":["falsification decisions"],"fullName":"falsification decisions does not call control failures or mixed availability a categorical negative","status":"passed","title":"does not call control failures or mixed availability a categorical negative","duration":0.22919999999999163,"failureMessages":[],"meta":{},"tags":[]},{"ancestorTitles":["falsification decisions"],"fullName":"falsification decisions refuses reuse of a session and incomplete studies","status":"passed","title":"refuses reuse of a session and incomplete studies","duration":0.17290000000002692,"failureMessages":[],"meta":{},"tags":[]},{"ancestorTitles":["official SDK transport, synthetic HTTP only"],"fullName":"official SDK transport, synthetic HTTP only cancels managed work when reported usage reaches the trial stopping threshold","status":"passed","title":"cancels managed work when reported usage reaches the trial stopping threshold","duration":20.95799999999997,"failureMessages":[],"meta":{},"tags":[]},{"ancestorTitles":["official SDK transport, synthetic HTTP only"],"fullName":"official SDK transport, synthetic HTTP only allows delayed usage until the trial deadline and then cancels a silent live stream","status":"passed","title":"allows delayed usage until the trial deadline and then cancels a silent live stream","duration":31.145399999999995,"failureMessages":[],"meta":{},"tags":[]},{"ancestorTitles":["official SDK transport, synthetic HTTP only"],"fullName":"official SDK transport, synthetic HTTP only still cancels if the evidence log reaches its cap","status":"passed","title":"still cancels if the evidence log reaches its cap","duration":6.7971,"failureMessages":[],"meta":{},"tags":[]},{"ancestorTitles":["official SDK transport, synthetic HTTP only"],"fullName":"official SDK transport, synthetic HTTP only times out a silent stream and sends cancellation instead of merely closing SSE","status":"passed","title":"times out a silent stream and sends cancellation instead of merely closing SSE","duration":6.608200000000011,"failureMessages":[],"meta":{},"tags":[]},{"ancestorTitles":["official SDK transport, synthetic HTTP only"],"fullName":"official SDK transport, synthetic HTTP only retains null usage and never promotes an idle event or child completion into root success","status":"passed","title":"retains null usage and never promotes an idle event or child completion into root success","duration":6.774400000000014,"failureMessages":[],"meta":{},"tags":[]},{"ancestorTitles":["official SDK transport, synthetic HTTP only"],"fullName":"official SDK transport, synthetic HTTP only handles real SDK SSE parsing, pending calls, paginated history and exact oracle checking","status":"passed","title":"handles real SDK SSE parsing, pending calls, paginated history and exact oracle checking","duration":15.653099999999995,"failureMessages":[],"meta":{},"tags":[]}],"startTime":1789098121834,"endTime":1789098121985.653,"status":"passed","message":"","name":"C:/Users/Darian/Desktop/codex/tracer/test/probe.test.ts"},{"assertionResults":[{"ancestorTitles":["exact external state"],"fullName":"exact external state serves exact bytes by handle and rejects a missing locator or changed file","status":"passed","title":"serves exact bytes by handle and rejects a missing locator or changed file","duration":23.501300000000015,"failureMessages":[],"meta":{},"tags":[]},{"ancestorTitles":["exact external state"],"fullName":"exact external state keeps the handle out of later queries and uses one exact fixed pressure dose","status":"passed","title":"keeps the handle out of later queries and uses one exact fixed pressure dose","duration":19.133199999999988,"failureMessages":[],"meta":{},"tags":[]},{"ancestorTitles":["exact external state"],"fullName":"exact external state does not silently reissue the handle, fix query indices, or reexecute duplicate calls","status":"passed","title":"does not silently reissue the handle, fix query indices, or reexecute duplicate calls","duration":13.81880000000001,"failureMessages":[],"meta":{},"tags":[]},{"ancestorTitles":["exact external state"],"fullName":"exact external state checks the actual submitted data against immutable bytes (correct=true)","status":"passed","title":"checks the actual submitted data against immutable bytes (correct=true)","duration":25.66560000000004,"failureMessages":[],"meta":{},"tags":[]},{"ancestorTitles":["exact external state"],"fullName":"exact external state checks the actual submitted data against immutable bytes (correct=false)","status":"passed","title":"checks the actual submitted data against immutable bytes (correct=false)","duration":22.51890000000003,"failureMessages":[],"meta":{},"tags":[]},{"ancestorTitles":["compaction evidence classification"],"fullName":"compaction evidence classification never promotes successful pressure retrieval into proof of compaction","status":"passed","title":"never promotes successful pressure retrieval into proof of compaction","duration":0.31769999999994525,"failureMessages":[],"meta":{},"tags":[]},{"ancestorTitles":["compaction evidence classification"],"fullName":"compaction evidence classification can support verified boundaries or falsify locator survival with an intact store","status":"passed","title":"can support verified boundaries or falsify locator survival with an intact store","duration":0.22769999999991342,"failureMessages":[],"meta":{},"tags":[]},{"ancestorTitles":["official SDK continuation transport"],"fullName":"official SDK continuation transport subscribes before one input message and continues the same session without creating another","status":"passed","title":"subscribes before one input message and continues the same session without creating another","duration":34.06129999999996,"failureMessages":[],"meta":{},"tags":[]}],"startTime":1789098121561,"endTime":1789098121701.0613,"status":"passed","message":"","name":"C:/Users/Darian/Desktop/codex/tracer/test/state.test.ts"}]}