{"numTotalTestSuites":23,"numPassedTestSuites":23,"numFailedTestSuites":0,"numPendingTestSuites":0,"numTotalTests":82,"numPassedTests":82,"numFailedTests":0,"numPendingTests":0,"numTodoTests":0,"snapshot":{"added":0,"failure":false,"filesAdded":0,"filesRemoved":0,"filesRemovedList":[],"filesUnmatched":0,"filesUpdated":0,"matched":0,"total":0,"unchecked":0,"uncheckedKeysByFile":[],"unmatched":0,"updated":0,"didUpdate":false},"startTime":1789134114339,"success":true,"testResults":[{"assertionResults":[{"ancestorTitles":["checkpoint adapter"],"fullName":"checkpoint adapter recovers only the actual session binding from disk and does not enumerate tasks","status":"passed","title":"recovers only the actual session binding from disk and does not enumerate tasks","duration":307.3967,"failureMessages":[],"meta":{},"tags":[]},{"ancestorTitles":["checkpoint adapter"],"fullName":"checkpoint adapter rejects changed task.json across reload","status":"passed","title":"rejects changed task.json across reload","duration":120.46389999999997,"failureMessages":[],"meta":{},"tags":[]},{"ancestorTitles":["checkpoint adapter"],"fullName":"checkpoint adapter rejects changed external-state.json across reload","status":"passed","title":"rejects changed external-state.json across reload","duration":124.57420000000002,"failureMessages":[],"meta":{},"tags":[]},{"ancestorTitles":["checkpoint adapter"],"fullName":"checkpoint adapter rejects changed checkpoint.json across reload","status":"passed","title":"rejects changed checkpoint.json across reload","duration":120.06990000000019,"failureMessages":[],"meta":{},"tags":[]},{"ancestorTitles":["checkpoint adapter"],"fullName":"checkpoint adapter rejects changed result across reload","status":"passed","title":"rejects changed result across reload","duration":110.53320000000008,"failureMessages":[],"meta":{},"tags":[]},{"ancestorTitles":["checkpoint adapter"],"fullName":"checkpoint adapter preserves exact receipts, reuses durable transport calls, and records prevented logical duplicates","status":"passed","title":"preserves exact receipts, reuses durable transport calls, and records prevented logical duplicates","duration":155.35139999999978,"failureMessages":[],"meta":{},"tags":[]},{"ancestorTitles":["checkpoint adapter"],"fullName":"checkpoint adapter checks old/new IDs and every exact digest and receipt independently","status":"passed","title":"checks old/new IDs and every exact digest and receipt independently","duration":256.9512,"failureMessages":[],"meta":{},"tags":[]},{"ancestorTitles":["checkpoint adapter"],"fullName":"checkpoint adapter does not expose data or execute a job for an unbound session","status":"passed","title":"does not expose data or execute a job for an unbound session","duration":120.63779999999997,"failureMessages":[],"meta":{},"tags":[]},{"ancestorTitles":["checkpoint adapter"],"fullName":"checkpoint adapter caps new logical calls before executing an additional operation","status":"passed","title":"caps new logical calls before executing an additional operation","duration":236.53419999999983,"failureMessages":[],"meta":{},"tags":[]},{"ancestorTitles":["fixed study and falsification"],"fullName":"fixed study and falsification uses identical fresh instructions without task data, and an exclusive paid dispatch claim","status":"passed","title":"uses identical fresh instructions without task data, and an exclusive paid dispatch claim","duration":120.98480000000018,"failureMessages":[],"meta":{},"tags":[]},{"ancestorTitles":["fixed study and falsification"],"fullName":"fixed study and falsification supports a valid recovery but rejects prevented repetition and an inaccurate report","status":"passed","title":"supports a valid recovery but rejects prevented repetition and an inaccurate report","duration":0.6125000000001819,"failureMessages":[],"meta":{},"tags":[]},{"ancestorTitles":["fixed study and falsification"],"fullName":"fixed study and falsification keeps API errors, missing setup, corruption and contaminated requests inconclusive","status":"passed","title":"keeps API errors, missing setup, corruption and contaminated requests inconclusive","duration":0.24839999999994689,"failureMessages":[],"meta":{},"tags":[]},{"ancestorTitles":["fixed study and falsification"],"fullName":"fixed study and falsification requires an explicit empty blocked report and no unbound process attempt","status":"passed","title":"requires an explicit empty blocked report and no unbound process attempt","duration":0.15779999999995198,"failureMessages":[],"meta":{},"tags":[]},{"ancestorTitles":[],"fullName":"binds the actual SDK-created session once, before dispatching any pending function","status":"passed","title":"binds the actual SDK-created session once, before dispatching any pending function","duration":30.754799999999705,"failureMessages":[],"meta":{},"tags":[]}],"startTime":1789134115055,"endTime":1789134116761.755,"status":"passed","message":"","name":"C:/Users/Darian/Desktop/codex/tracer/test/checkpoint.test.ts"},{"assertionResults":[{"ancestorTitles":["Responses compaction evidence"],"fullName":"Responses compaction evidence distinguishes service compaction, retained plaintext, and opaque content","status":"passed","title":"distinguishes service compaction, retained plaintext, and opaque content","duration":5.520899999999983,"failureMessages":[],"meta":{},"tags":[]},{"ancestorTitles":["Responses compaction evidence"],"fullName":"Responses compaction evidence retains the complete canonical output without mutation or additional prior history","status":"passed","title":"retains the complete canonical output without mutation or additional prior history","duration":0.41210000000000946,"failureMessages":[],"meta":{},"tags":[]},{"ancestorTitles":["Responses compaction evidence"],"fullName":"Responses compaction evidence separates locator recovery from copying errors and requires a working control","status":"passed","title":"separates locator recovery from copying errors and requires a working control","duration":0.6206000000000813,"failureMessages":[],"meta":{},"tags":[]},{"ancestorTitles":["study allowance"],"fullName":"study allowance keeps unknown usage reserved and refuses more paid work","status":"passed","title":"keeps unknown usage reserved and refuses more paid work","duration":2.2264000000000124,"failureMessages":[],"meta":{},"tags":[]},{"ancestorTitles":["study allowance"],"fullName":"study allowance refuses admission near the threshold and stops on reported overshoot","status":"passed","title":"refuses admission near the threshold and stops on reported overshoot","duration":1.0750000000000455,"failureMessages":[],"meta":{},"tags":[]},{"ancestorTitles":["study allowance"],"fullName":"study allowance bounds request count and makes the dispatch claim exclusive","status":"passed","title":"bounds request count and makes the dispatch claim exclusive","duration":6.958300000000008,"failureMessages":[],"meta":{},"tags":[]},{"ancestorTitles":["official SDK paired transport"],"fullName":"official SDK paired transport uses compact output exclusively for treatment and separates all branch tool results","status":"passed","title":"uses compact output exclusively for treatment and separates all branch tool results","duration":129.53149999999994,"failureMessages":[],"meta":{},"tags":[]},{"ancestorTitles":["official SDK paired transport"],"fullName":"official SDK paired transport stops on an unsupported compact call without retries or replacement trials","status":"passed","title":"stops on an unsupported compact call without retries or replacement trials","duration":35.47640000000001,"failureMessages":[],"meta":{},"tags":[]}],"startTime":1789134115084,"endTime":1789134115266.4763,"status":"passed","message":"","name":"C:/Users/Darian/Desktop/codex/tracer/test/compact.test.ts"},{"assertionResults":[{"ancestorTitles":["follow-up evidence"],"fullName":"follow-up evidence prevents a second Stage B dispatch from resetting the shared spending allowance","status":"passed","title":"prevents a second Stage B dispatch from resetting the shared spending allowance","duration":8.273500000000013,"failureMessages":[],"meta":{},"tags":[]},{"ancestorTitles":["follow-up evidence"],"fullName":"follow-up evidence binds the new frozen protocol and keeps six fresh trials separate from v4","status":"passed","title":"binds the new frozen protocol and keeps six fresh trials separate from v4","duration":5.774699999999996,"failureMessages":[],"meta":{},"tags":[]},{"ancestorTitles":["follow-up evidence"],"fullName":"follow-up evidence separates collection agreement from child accuracy (complete=true)","status":"passed","title":"separates collection agreement from child accuracy (complete=true)","duration":9.03710000000001,"failureMessages":[],"meta":{},"tags":[]},{"ancestorTitles":["follow-up evidence"],"fullName":"follow-up evidence separates collection agreement from child accuracy (complete=false)","status":"passed","title":"separates collection agreement from child accuracy (complete=false)","duration":8.697299999999984,"failureMessages":[],"meta":{},"tags":[]}],"startTime":1789134114765,"endTime":1789134114796.6973,"status":"passed","message":"","name":"C:/Users/Darian/Desktop/codex/tracer/test/followup.test.ts"},{"assertionResults":[{"ancestorTitles":["carried observation continuation"],"fullName":"carried observation continuation does not release the historical reservation or settle it with the replacement usage","status":"passed","title":"does not release the historical reservation or settle it with the replacement usage","duration":3.250599999999963,"failureMessages":[],"meta":{},"tags":[]},{"ancestorTitles":["carried observation continuation"],"fullName":"carried observation continuation blocks another call on new unknown usage and caps the continuation at six requests","status":"passed","title":"blocks another call on new unknown usage and caps the continuation at six requests","duration":1.9704000000000406,"failureMessages":[],"meta":{},"tags":[]},{"ancestorTitles":["carried observation continuation"],"fullName":"carried observation continuation uses the frozen detector and reconstructs only the missing stateless requests","status":"passed","title":"uses the frozen detector and reconstructs only the missing stateless requests","duration":19.404700000000048,"failureMessages":[],"meta":{},"tags":[]},{"ancestorTitles":["carried observation continuation"],"fullName":"carried observation continuation requires a stable bridge and refuses duplicate continuation claims","status":"passed","title":"requires a stable bridge and refuses duplicate continuation claims","duration":5.411699999999996,"failureMessages":[],"meta":{},"tags":[]},{"ancestorTitles":["carried observation continuation"],"fullName":"carried observation continuation completes the saved fixture against mock HTTP without relearning a rule","status":"passed","title":"completes the saved fixture against mock HTTP without relearning a rule","duration":108.58039999999994,"failureMessages":[],"meta":{},"tags":[]},{"ancestorTitles":["carried observation continuation"],"fullName":"carried observation continuation stops on a changed bridge without dispatching the remaining requests","status":"passed","title":"stops on a changed bridge without dispatching the remaining requests","duration":13.046300000000087,"failureMessages":[],"meta":{},"tags":[]}],"startTime":1789134115154,"endTime":1789134115306.0464,"status":"passed","message":"","name":"C:/Users/Darian/Desktop/codex/tracer/test/observation-continuation.test.ts"},{"assertionResults":[{"ancestorTitles":["context observation independent of recovery"],"fullName":"context observation independent of recovery requires a persistent drop and reports an interval","status":"passed","title":"requires a persistent drop and reports an interval","duration":4.735200000000077,"failureMessages":[],"meta":{},"tags":[]},{"ancestorTitles":["context observation independent of recovery"],"fullName":"context observation independent of recovery does not turn plateaus, cached savings, or missing samples into drops","status":"passed","title":"does not turn plateaus, cached savings, or missing samples into drops","duration":0.5535999999999603,"failureMessages":[],"meta":{},"tags":[]},{"ancestorTitles":["context observation independent of recovery"],"fullName":"context observation independent of recovery does not keep hunting after a failed first candidate","status":"passed","title":"does not keep hunting after a failed first candidate","duration":0.27340000000003783,"failureMessages":[],"meta":{},"tags":[]},{"ancestorTitles":["context observation independent of recovery"],"fullName":"context observation independent of recovery chooses on development, rejects held-out false positives, and explicitly detects deletion","status":"passed","title":"chooses on development, rejects held-out false positives, and explicitly detects deletion","duration":1.094000000000051,"failureMessages":[],"meta":{},"tags":[]},{"ancestorTitles":["context observation independent of recovery"],"fullName":"context observation independent of recovery recall questions never supply the answer and scores exact random facts","status":"passed","title":"recall questions never supply the answer and scores exact random facts","duration":3.603999999999928,"failureMessages":[],"meta":{},"tags":[]},{"ancestorTitles":["context observation independent of recovery"],"fullName":"context observation independent of recovery carries unknown reservations and refuses another call or allowance reset","status":"passed","title":"carries unknown reservations and refuses another call or allowance reset","duration":2.3664999999999736,"failureMessages":[],"meta":{},"tags":[]},{"ancestorTitles":["context observation independent of recovery"],"fullName":"context observation independent of recovery stops on reported cost, even if the prior reservation was smaller","status":"passed","title":"stops on reported cost, even if the prior reservation was smaller","duration":0.5934999999999491,"failureMessages":[],"meta":{},"tags":[]},{"ancestorTitles":["context observation independent of recovery"],"fullName":"context observation independent of recovery enforces the HTTP dispatch cap with cleanup capacity","status":"passed","title":"enforces the HTTP dispatch cap with cleanup capacity","duration":57.781900000000064,"failureMessages":[],"meta":{},"tags":[]},{"ancestorTitles":["context observation independent of recovery"],"fullName":"context observation independent of recovery rejects visible extra work and unstable accounting without assuming a generation count","status":"passed","title":"rejects visible extra work and unstable accounting without assuming a generation count","duration":2.1544999999999845,"failureMessages":[],"meta":{},"tags":[]},{"ancestorTitles":["context observation independent of recovery"],"fullName":"context observation independent of recovery captures a malformed mock response before the pinned SDK throws, with no retry or secret exposure","status":"passed","title":"captures a malformed mock response before the pinned SDK throws, with no retry or secret exposure","duration":23.64199999999994,"failureMessages":[],"meta":{},"tags":[]},{"ancestorTitles":["context observation independent of recovery"],"fullName":"context observation independent of recovery freezes state in the same binding and allows corrected reports without repeating work","status":"passed","title":"freezes state in the same binding and allows corrected reports without repeating work","duration":385.0743000000001,"failureMessages":[],"meta":{},"tags":[]}],"startTime":1789134115155,"endTime":1789134115637.0742,"status":"passed","message":"","name":"C:/Users/Darian/Desktop/codex/tracer/test/observation.test.ts"},{"assertionResults":[{"ancestorTitles":["protocol and budget"],"fullName":"protocol and budget binds the USD 2 Luna cohort to its frozen documents and prior accounting","status":"passed","title":"binds the USD 2 Luna cohort to its frozen documents and prior accounting","duration":7.249700000000075,"failureMessages":[],"meta":{},"tags":[]},{"ancestorTitles":["protocol and budget"],"fullName":"protocol and budget has nine fresh seeds, rotating arm order, and no nonce in any request","status":"passed","title":"has nine fresh seeds, rotating arm order, and no nonce in any request","duration":1.744899999999916,"failureMessages":[],"meta":{},"tags":[]},{"ancestorTitles":["protocol and budget"],"fullName":"protocol and budget refuses inference even when a credential could exist","status":"passed","title":"refuses inference even when a credential could exist","duration":1.5429999999998927,"failureMessages":[],"meta":{},"tags":[]},{"ancestorTitles":["protocol and budget"],"fullName":"protocol and budget admits the explicitly approved reported-usage policy without claiming a hard cap","status":"passed","title":"admits the explicitly approved reported-usage policy without claiming a hard cap","duration":0.9842999999998483,"failureMessages":[],"meta":{},"tags":[]},{"ancestorTitles":["protocol and budget"],"fullName":"protocol and budget rejects excess output before incrementing admissions","status":"passed","title":"rejects excess output before incrementing admissions","duration":0.47480000000018663,"failureMessages":[],"meta":{},"tags":[]},{"ancestorTitles":["protocol and budget"],"fullName":"protocol and budget caps HTTP requests while reserving cancellation capacity","status":"passed","title":"caps HTTP requests while reserving cancellation capacity","duration":5.7409999999999854,"failureMessages":[],"meta":{},"tags":[]},{"ancestorTitles":["protocol and budget"],"fullName":"protocol and budget inventories the pinned real SDK without claiming the error enum is a configurable cap","status":"passed","title":"inventories the pinned real SDK without claiming the error enum is a configurable cap","duration":27.469900000000052,"failureMessages":[],"meta":{},"tags":[]},{"ancestorTitles":["reported usage stopping guard"],"fullName":"reported usage stopping guard deduplicates root/child snapshots and uses the greater aggregate instead of adding it","status":"passed","title":"deduplicates root/child snapshots and uses the greater aggregate instead of adding it","duration":0.7128999999999905,"failureMessages":[],"meta":{},"tags":[]},{"ancestorTitles":["reported usage stopping guard"],"fullName":"reported usage stopping guard includes reasoning within output once, ignores cache discounts, and stops at the trial threshold","status":"passed","title":"includes reasoning within output once, ignores cache discounts, and stops at the trial threshold","duration":0.4895000000001346,"failureMessages":[],"meta":{},"tags":[]},{"ancestorTitles":["reported usage stopping guard"],"fullName":"reported usage stopping guard stops on total study usage, missing turns, invalid counts, or a different model","status":"passed","title":"stops on total study usage, missing turns, invalid counts, or a different model","duration":0.9379999999998745,"failureMessages":[],"meta":{},"tags":[]},{"ancestorTitles":["reported usage stopping guard"],"fullName":"reported usage stopping guard includes the previous attempt without treating its usage as current-session telemetry","status":"passed","title":"includes the previous attempt without treating its usage as current-session telemetry","duration":0.4045000000000982,"failureMessages":[],"meta":{},"tags":[]},{"ancestorTitles":["reported usage stopping guard"],"fullName":"reported usage stopping guard reserves missing usage rather than pricing it as zero and releases only to observed cost","status":"passed","title":"reserves missing usage rather than pricing it as zero and releases only to observed cost","duration":0.2621999999998934,"failureMessages":[],"meta":{},"tags":[]},{"ancestorTitles":["function and evidence integrity"],"fullName":"function and evidence integrity reuses identical calls, rejects changed duplicates and new calls repeating a logical operation","status":"passed","title":"reuses identical calls, rejects changed duplicates and new calls repeating a logical operation","duration":5.789800000000014,"failureMessages":[],"meta":{},"tags":[]},{"ancestorTitles":["function and evidence integrity"],"fullName":"function and evidence integrity rejects duplicate results","status":"passed","title":"rejects duplicate results","duration":2.5024000000000797,"failureMessages":[],"meta":{},"tags":[]},{"ancestorTitles":["function and evidence integrity"],"fullName":"function and evidence integrity rejects missing results","status":"passed","title":"rejects missing results","duration":2.4396999999999025,"failureMessages":[],"meta":{},"tags":[]},{"ancestorTitles":["function and evidence integrity"],"fullName":"function and evidence integrity rejects stale results","status":"passed","title":"rejects stale results","duration":2.1966999999999643,"failureMessages":[],"meta":{},"tags":[]},{"ancestorTitles":["function and evidence integrity"],"fullName":"function and evidence integrity rejects extra results","status":"passed","title":"rejects extra results","duration":2.4812999999999192,"failureMessages":[],"meta":{},"tags":[]},{"ancestorTitles":["function and evidence integrity"],"fullName":"function and evidence integrity checks exact results independently of the model final answer","status":"passed","title":"checks exact results independently of the model final answer","duration":2.8596000000000004,"failureMessages":[],"meta":{},"tags":[]},{"ancestorTitles":["function and evidence integrity"],"fullName":"function and evidence integrity detects tampering and redacts configured secrets","status":"passed","title":"detects tampering and redacts configured secrets","duration":4.85310000000004,"failureMessages":[],"meta":{},"tags":[]},{"ancestorTitles":["function and evidence integrity"],"fullName":"function and evidence integrity collects all pages and refuses a non-terminating page sequence","status":"passed","title":"collects all pages and refuses a non-terminating page sequence","duration":7.50610000000006,"failureMessages":[],"meta":{},"tags":[]},{"ancestorTitles":["falsification decisions"],"fullName":"falsification decisions never treats correct strings and child IDs as proof of the route","status":"passed","title":"never treats correct strings and child IDs as proof of the route","duration":0.819300000000112,"failureMessages":[],"meta":{},"tags":[]},{"ancestorTitles":["falsification decisions"],"fullName":"falsification decisions supports only all three controlled and independently reviewed blocks","status":"passed","title":"supports only all three controlled and independently reviewed blocks","duration":0.1955000000000382,"failureMessages":[],"meta":{},"tags":[]},{"ancestorTitles":["falsification decisions"],"fullName":"falsification decisions returns a clean negative for repeated verified runtime rejection","status":"passed","title":"returns a clean negative for repeated verified runtime rejection","duration":0.3082000000001699,"failureMessages":[],"meta":{},"tags":[]},{"ancestorTitles":["falsification decisions"],"fullName":"falsification decisions does not call control failures or mixed availability a categorical negative","status":"passed","title":"does not call control failures or mixed availability a categorical negative","duration":0.2316000000000713,"failureMessages":[],"meta":{},"tags":[]},{"ancestorTitles":["falsification decisions"],"fullName":"falsification decisions refuses reuse of a session and incomplete studies","status":"passed","title":"refuses reuse of a session and incomplete studies","duration":0.1897999999998774,"failureMessages":[],"meta":{},"tags":[]},{"ancestorTitles":["official SDK transport, synthetic HTTP only"],"fullName":"official SDK transport, synthetic HTTP only cancels managed work when reported usage reaches the trial stopping threshold","status":"passed","title":"cancels managed work when reported usage reaches the trial stopping threshold","duration":27.747800000000097,"failureMessages":[],"meta":{},"tags":[]},{"ancestorTitles":["official SDK transport, synthetic HTTP only"],"fullName":"official SDK transport, synthetic HTTP only allows delayed usage until the trial deadline and then cancels a silent live stream","status":"passed","title":"allows delayed usage until the trial deadline and then cancels a silent live stream","duration":45.74199999999996,"failureMessages":[],"meta":{},"tags":[]},{"ancestorTitles":["official SDK transport, synthetic HTTP only"],"fullName":"official SDK transport, synthetic HTTP only still cancels if the evidence log reaches its cap","status":"passed","title":"still cancels if the evidence log reaches its cap","duration":8.604800000000068,"failureMessages":[],"meta":{},"tags":[]},{"ancestorTitles":["official SDK transport, synthetic HTTP only"],"fullName":"official SDK transport, synthetic HTTP only times out a silent stream and sends cancellation instead of merely closing SSE","status":"passed","title":"times out a silent stream and sends cancellation instead of merely closing SSE","duration":8.442999999999984,"failureMessages":[],"meta":{},"tags":[]},{"ancestorTitles":["official SDK transport, synthetic HTTP only"],"fullName":"official SDK transport, synthetic HTTP only retains null usage and never promotes an idle event or child completion into root success","status":"passed","title":"retains null usage and never promotes an idle event or child completion into root success","duration":7.905599999999822,"failureMessages":[],"meta":{},"tags":[]},{"ancestorTitles":["official SDK transport, synthetic HTTP only"],"fullName":"official SDK transport, synthetic HTTP only handles real SDK SSE parsing, pending calls, paginated history and exact oracle checking","status":"passed","title":"handles real SDK SSE parsing, pending calls, paginated history and exact oracle checking","duration":19.463700000000017,"failureMessages":[],"meta":{},"tags":[]}],"startTime":1789134115444,"endTime":1789134115642.4636,"status":"passed","message":"","name":"C:/Users/Darian/Desktop/codex/tracer/test/probe.test.ts"},{"assertionResults":[{"ancestorTitles":["exact external state"],"fullName":"exact external state serves exact bytes by handle and rejects a missing locator or changed file","status":"passed","title":"serves exact bytes by handle and rejects a missing locator or changed file","duration":28.51150000000007,"failureMessages":[],"meta":{},"tags":[]},{"ancestorTitles":["exact external state"],"fullName":"exact external state keeps the handle out of later queries and uses one exact fixed pressure dose","status":"passed","title":"keeps the handle out of later queries and uses one exact fixed pressure dose","duration":24.938199999999938,"failureMessages":[],"meta":{},"tags":[]},{"ancestorTitles":["exact external state"],"fullName":"exact external state does not silently reissue the handle, fix query indices, or reexecute duplicate calls","status":"passed","title":"does not silently reissue the handle, fix query indices, or reexecute duplicate calls","duration":16.17560000000003,"failureMessages":[],"meta":{},"tags":[]},{"ancestorTitles":["exact external state"],"fullName":"exact external state checks the actual submitted data against immutable bytes (correct=true)","status":"passed","title":"checks the actual submitted data against immutable bytes (correct=true)","duration":33.43810000000008,"failureMessages":[],"meta":{},"tags":[]},{"ancestorTitles":["exact external state"],"fullName":"exact external state checks the actual submitted data against immutable bytes (correct=false)","status":"passed","title":"checks the actual submitted data against immutable bytes (correct=false)","duration":33.30009999999993,"failureMessages":[],"meta":{},"tags":[]},{"ancestorTitles":["compaction evidence classification"],"fullName":"compaction evidence classification never promotes successful pressure retrieval into proof of compaction","status":"passed","title":"never promotes successful pressure retrieval into proof of compaction","duration":0.5555000000000518,"failureMessages":[],"meta":{},"tags":[]},{"ancestorTitles":["compaction evidence classification"],"fullName":"compaction evidence classification can support verified boundaries or falsify locator survival with an intact store","status":"passed","title":"can support verified boundaries or falsify locator survival with an intact store","duration":0.3492999999999711,"failureMessages":[],"meta":{},"tags":[]},{"ancestorTitles":["official SDK continuation transport"],"fullName":"official SDK continuation transport subscribes before one input message and continues the same session without creating another","status":"passed","title":"subscribes before one input message and continues the same session without creating another","duration":45.222999999999956,"failureMessages":[],"meta":{},"tags":[]}],"startTime":1789134115060,"endTime":1789134115243.223,"status":"passed","message":"","name":"C:/Users/Darian/Desktop/codex/tracer/test/state.test.ts"}]}