{"numTotalTestSuites":6,"numPassedTestSuites":6,"numFailedTestSuites":0,"numPendingTestSuites":0,"numTotalTests":30,"numPassedTests":30,"numFailedTests":0,"numPendingTests":0,"numTodoTests":0,"snapshot":{"added":0,"failure":false,"filesAdded":0,"filesRemoved":0,"filesRemovedList":[],"filesUnmatched":0,"filesUpdated":0,"matched":0,"total":0,"unchecked":0,"uncheckedKeysByFile":[],"unmatched":0,"updated":0,"didUpdate":false},"startTime":1789086456781,"success":true,"testResults":[{"assertionResults":[{"ancestorTitles":["protocol and budget"],"fullName":"protocol and budget binds the USD 2 Luna cohort to its frozen documents and prior accounting","status":"passed","title":"binds the USD 2 Luna cohort to its frozen documents and prior accounting","duration":5.1568999999999505,"failureMessages":[],"meta":{},"tags":[]},{"ancestorTitles":["protocol and budget"],"fullName":"protocol and budget has nine fresh seeds, rotating arm order, and no nonce in any request","status":"passed","title":"has nine fresh seeds, rotating arm order, and no nonce in any request","duration":1.6466999999998961,"failureMessages":[],"meta":{},"tags":[]},{"ancestorTitles":["protocol and budget"],"fullName":"protocol and budget refuses inference even when a credential could exist","status":"passed","title":"refuses inference even when a credential could exist","duration":1.728399999999965,"failureMessages":[],"meta":{},"tags":[]},{"ancestorTitles":["protocol and budget"],"fullName":"protocol and budget admits the explicitly approved reported-usage policy without claiming a hard cap","status":"passed","title":"admits the explicitly approved reported-usage policy without claiming a hard cap","duration":1.1435000000000173,"failureMessages":[],"meta":{},"tags":[]},{"ancestorTitles":["protocol and budget"],"fullName":"protocol and budget rejects excess output before incrementing admissions","status":"passed","title":"rejects excess output before incrementing admissions","duration":0.5602999999999838,"failureMessages":[],"meta":{},"tags":[]},{"ancestorTitles":["protocol and budget"],"fullName":"protocol and budget caps HTTP requests while reserving cancellation capacity","status":"passed","title":"caps HTTP requests while reserving cancellation capacity","duration":4.778799999999933,"failureMessages":[],"meta":{},"tags":[]},{"ancestorTitles":["protocol and budget"],"fullName":"protocol and budget inventories the pinned real SDK without claiming the error enum is a configurable cap","status":"passed","title":"inventories the pinned real SDK without claiming the error enum is a configurable cap","duration":26.192199999999957,"failureMessages":[],"meta":{},"tags":[]},{"ancestorTitles":["reported usage stopping guard"],"fullName":"reported usage stopping guard deduplicates root/child snapshots and uses the greater aggregate instead of adding it","status":"passed","title":"deduplicates root/child snapshots and uses the greater aggregate instead of adding it","duration":0.5707000000001017,"failureMessages":[],"meta":{},"tags":[]},{"ancestorTitles":["reported usage stopping guard"],"fullName":"reported usage stopping guard includes reasoning within output once, ignores cache discounts, and stops at the trial threshold","status":"passed","title":"includes reasoning within output once, ignores cache discounts, and stops at the trial threshold","duration":0.42629999999996926,"failureMessages":[],"meta":{},"tags":[]},{"ancestorTitles":["reported usage stopping guard"],"fullName":"reported usage stopping guard stops on total study usage, missing turns, invalid counts, or a different model","status":"passed","title":"stops on total study usage, missing turns, invalid counts, or a different model","duration":0.6559999999999491,"failureMessages":[],"meta":{},"tags":[]},{"ancestorTitles":["reported usage stopping guard"],"fullName":"reported usage stopping guard includes the previous attempt without treating its usage as current-session telemetry","status":"passed","title":"includes the previous attempt without treating its usage as current-session telemetry","duration":0.2839999999999918,"failureMessages":[],"meta":{},"tags":[]},{"ancestorTitles":["function and evidence integrity"],"fullName":"function and evidence integrity reuses identical calls, rejects changed duplicates and new calls repeating a logical operation","status":"passed","title":"reuses identical calls, rejects changed duplicates and new calls repeating a logical operation","duration":4.3846999999999525,"failureMessages":[],"meta":{},"tags":[]},{"ancestorTitles":["function and evidence integrity"],"fullName":"function and evidence integrity rejects duplicate results","status":"passed","title":"rejects duplicate results","duration":2.048400000000015,"failureMessages":[],"meta":{},"tags":[]},{"ancestorTitles":["function and evidence integrity"],"fullName":"function and evidence integrity rejects missing results","status":"passed","title":"rejects missing results","duration":1.9154999999999518,"failureMessages":[],"meta":{},"tags":[]},{"ancestorTitles":["function and evidence integrity"],"fullName":"function and evidence integrity rejects stale results","status":"passed","title":"rejects stale results","duration":1.949799999999982,"failureMessages":[],"meta":{},"tags":[]},{"ancestorTitles":["function and evidence integrity"],"fullName":"function and evidence integrity rejects extra results","status":"passed","title":"rejects extra results","duration":1.9738999999999578,"failureMessages":[],"meta":{},"tags":[]},{"ancestorTitles":["function and evidence integrity"],"fullName":"function and evidence integrity checks exact results independently of the model final answer","status":"passed","title":"checks exact results independently of the model final answer","duration":2.3350000000000364,"failureMessages":[],"meta":{},"tags":[]},{"ancestorTitles":["function and evidence integrity"],"fullName":"function and evidence integrity detects tampering and redacts configured secrets","status":"passed","title":"detects tampering and redacts configured secrets","duration":4.0487000000000535,"failureMessages":[],"meta":{},"tags":[]},{"ancestorTitles":["function and evidence integrity"],"fullName":"function and evidence integrity collects all pages and refuses a non-terminating page sequence","status":"passed","title":"collects all pages and refuses a non-terminating page sequence","duration":5.812999999999988,"failureMessages":[],"meta":{},"tags":[]},{"ancestorTitles":["falsification decisions"],"fullName":"falsification decisions never treats correct strings and child IDs as proof of the route","status":"passed","title":"never treats correct strings and child IDs as proof of the route","duration":0.5451000000000477,"failureMessages":[],"meta":{},"tags":[]},{"ancestorTitles":["falsification decisions"],"fullName":"falsification decisions supports only all three controlled and independently reviewed blocks","status":"passed","title":"supports only all three controlled and independently reviewed blocks","duration":0.20889999999997144,"failureMessages":[],"meta":{},"tags":[]},{"ancestorTitles":["falsification decisions"],"fullName":"falsification decisions returns a clean negative for repeated verified runtime rejection","status":"passed","title":"returns a clean negative for repeated verified runtime rejection","duration":0.31749999999999545,"failureMessages":[],"meta":{},"tags":[]},{"ancestorTitles":["falsification decisions"],"fullName":"falsification decisions does not call control failures or mixed availability a categorical negative","status":"passed","title":"does not call control failures or mixed availability a categorical negative","duration":0.22029999999995198,"failureMessages":[],"meta":{},"tags":[]},{"ancestorTitles":["falsification decisions"],"fullName":"falsification decisions refuses reuse of a session and incomplete studies","status":"passed","title":"refuses reuse of a session and incomplete studies","duration":0.20150000000001,"failureMessages":[],"meta":{},"tags":[]},{"ancestorTitles":["official SDK transport, synthetic HTTP only"],"fullName":"official SDK transport, synthetic HTTP only cancels managed work when reported usage reaches the trial stopping threshold","status":"passed","title":"cancels managed work when reported usage reaches the trial stopping threshold","duration":24.249199999999973,"failureMessages":[],"meta":{},"tags":[]},{"ancestorTitles":["official SDK transport, synthetic HTTP only"],"fullName":"official SDK transport, synthetic HTTP only allows delayed usage until the trial deadline and then cancels a silent live stream","status":"passed","title":"allows delayed usage until the trial deadline and then cancels a silent live stream","duration":32.7441,"failureMessages":[],"meta":{},"tags":[]},{"ancestorTitles":["official SDK transport, synthetic HTTP only"],"fullName":"official SDK transport, synthetic HTTP only still cancels if the evidence log reaches its cap","status":"passed","title":"still cancels if the evidence log reaches its cap","duration":6.057900000000018,"failureMessages":[],"meta":{},"tags":[]},{"ancestorTitles":["official SDK transport, synthetic HTTP only"],"fullName":"official SDK transport, synthetic HTTP only times out a silent stream and sends cancellation instead of merely closing SSE","status":"passed","title":"times out a silent stream and sends cancellation instead of merely closing SSE","duration":6.723700000000008,"failureMessages":[],"meta":{},"tags":[]},{"ancestorTitles":["official SDK transport, synthetic HTTP only"],"fullName":"official SDK transport, synthetic HTTP only retains null usage and never promotes an idle event or child completion into root success","status":"passed","title":"retains null usage and never promotes an idle event or child completion into root success","duration":6.455499999999915,"failureMessages":[],"meta":{},"tags":[]},{"ancestorTitles":["official SDK transport, synthetic HTTP only"],"fullName":"official SDK transport, synthetic HTTP only handles real SDK SSE parsing, pending calls, paginated history and exact oracle checking","status":"passed","title":"handles real SDK SSE parsing, pending calls, paginated history and exact oracle checking","duration":14.353599999999915,"failureMessages":[],"meta":{},"tags":[]}],"startTime":1789086457560,"endTime":1789086457720.3535,"status":"passed","message":"","name":"C:/Users/Darian/Desktop/codex/tracer/test/probe.test.ts"}]}