{"numTotalTestSuites":21,"numPassedTestSuites":21,"numFailedTestSuites":0,"numPendingTestSuites":0,"numTotalTests":76,"numPassedTests":76,"numFailedTests":0,"numPendingTests":0,"numTodoTests":0,"snapshot":{"added":0,"failure":false,"filesAdded":0,"filesRemoved":0,"filesRemovedList":[],"filesUnmatched":0,"filesUpdated":0,"matched":0,"total":0,"unchecked":0,"uncheckedKeysByFile":[],"unmatched":0,"updated":0,"didUpdate":false},"startTime":1789132839053,"success":true,"testResults":[{"assertionResults":[{"ancestorTitles":["checkpoint adapter"],"fullName":"checkpoint adapter recovers only the actual session binding from disk and does not enumerate tasks","status":"passed","title":"recovers only the actual session binding from disk and does not enumerate tasks","duration":264.4429,"failureMessages":[],"meta":{},"tags":[]},{"ancestorTitles":["checkpoint adapter"],"fullName":"checkpoint adapter rejects changed task.json across reload","status":"passed","title":"rejects changed task.json across reload","duration":113.04560000000004,"failureMessages":[],"meta":{},"tags":[]},{"ancestorTitles":["checkpoint adapter"],"fullName":"checkpoint adapter rejects changed external-state.json across reload","status":"passed","title":"rejects changed external-state.json across reload","duration":117.32689999999991,"failureMessages":[],"meta":{},"tags":[]},{"ancestorTitles":["checkpoint adapter"],"fullName":"checkpoint adapter rejects changed checkpoint.json across reload","status":"passed","title":"rejects changed checkpoint.json across reload","duration":103.8719000000001,"failureMessages":[],"meta":{},"tags":[]},{"ancestorTitles":["checkpoint adapter"],"fullName":"checkpoint adapter rejects changed result across reload","status":"passed","title":"rejects changed result across reload","duration":102.49579999999992,"failureMessages":[],"meta":{},"tags":[]},{"ancestorTitles":["checkpoint adapter"],"fullName":"checkpoint adapter preserves exact receipts, reuses durable transport calls, and records prevented logical duplicates","status":"passed","title":"preserves exact receipts, reuses durable transport calls, and records prevented logical duplicates","duration":140.75670000000014,"failureMessages":[],"meta":{},"tags":[]},{"ancestorTitles":["checkpoint adapter"],"fullName":"checkpoint adapter checks old/new IDs and every exact digest and receipt independently","status":"passed","title":"checks old/new IDs and every exact digest and receipt independently","duration":236.09659999999985,"failureMessages":[],"meta":{},"tags":[]},{"ancestorTitles":["checkpoint adapter"],"fullName":"checkpoint adapter does not expose data or execute a job for an unbound session","status":"passed","title":"does not expose data or execute a job for an unbound session","duration":110.11590000000001,"failureMessages":[],"meta":{},"tags":[]},{"ancestorTitles":["checkpoint adapter"],"fullName":"checkpoint adapter caps new logical calls before executing an additional operation","status":"passed","title":"caps new logical calls before executing an additional operation","duration":217.43349999999987,"failureMessages":[],"meta":{},"tags":[]},{"ancestorTitles":["fixed study and falsification"],"fullName":"fixed study and falsification uses identical fresh instructions without task data, and an exclusive paid dispatch claim","status":"passed","title":"uses identical fresh instructions without task data, and an exclusive paid dispatch claim","duration":112.33490000000006,"failureMessages":[],"meta":{},"tags":[]},{"ancestorTitles":["fixed study and falsification"],"fullName":"fixed study and falsification supports a valid recovery but rejects prevented repetition and an inaccurate report","status":"passed","title":"supports a valid recovery but rejects prevented repetition and an inaccurate report","duration":0.550499999999829,"failureMessages":[],"meta":{},"tags":[]},{"ancestorTitles":["fixed study and falsification"],"fullName":"fixed study and falsification keeps API errors, missing setup, corruption and contaminated requests inconclusive","status":"passed","title":"keeps API errors, missing setup, corruption and contaminated requests inconclusive","duration":0.2298000000000684,"failureMessages":[],"meta":{},"tags":[]},{"ancestorTitles":["fixed study and falsification"],"fullName":"fixed study and falsification requires an explicit empty blocked report and no unbound process attempt","status":"passed","title":"requires an explicit empty blocked report and no unbound process attempt","duration":0.16279999999960637,"failureMessages":[],"meta":{},"tags":[]},{"ancestorTitles":[],"fullName":"binds the actual SDK-created session once, before dispatching any pending function","status":"passed","title":"binds the actual SDK-created session once, before dispatching any pending function","duration":26.61889999999994,"failureMessages":[],"meta":{},"tags":[]}],"startTime":1789132839645,"endTime":1789132841191.619,"status":"passed","message":"","name":"C:/Users/Darian/Desktop/codex/tracer/test/checkpoint.test.ts"},{"assertionResults":[{"ancestorTitles":["Responses compaction evidence"],"fullName":"Responses compaction evidence distinguishes service compaction, retained plaintext, and opaque content","status":"passed","title":"distinguishes service compaction, retained plaintext, and opaque content","duration":4.27069999999992,"failureMessages":[],"meta":{},"tags":[]},{"ancestorTitles":["Responses compaction evidence"],"fullName":"Responses compaction evidence retains the complete canonical output without mutation or additional prior history","status":"passed","title":"retains the complete canonical output without mutation or additional prior history","duration":0.3889000000000351,"failureMessages":[],"meta":{},"tags":[]},{"ancestorTitles":["Responses compaction evidence"],"fullName":"Responses compaction evidence separates locator recovery from copying errors and requires a working control","status":"passed","title":"separates locator recovery from copying errors and requires a working control","duration":0.41780000000005657,"failureMessages":[],"meta":{},"tags":[]},{"ancestorTitles":["study allowance"],"fullName":"study allowance keeps unknown usage reserved and refuses more paid work","status":"passed","title":"keeps unknown usage reserved and refuses more paid work","duration":1.1959000000000515,"failureMessages":[],"meta":{},"tags":[]},{"ancestorTitles":["study allowance"],"fullName":"study allowance refuses admission near the threshold and stops on reported overshoot","status":"passed","title":"refuses admission near the threshold and stops on reported overshoot","duration":0.684099999999944,"failureMessages":[],"meta":{},"tags":[]},{"ancestorTitles":["study allowance"],"fullName":"study allowance bounds request count and makes the dispatch claim exclusive","status":"passed","title":"bounds request count and makes the dispatch claim exclusive","duration":4.458000000000084,"failureMessages":[],"meta":{},"tags":[]},{"ancestorTitles":["official SDK paired transport"],"fullName":"official SDK paired transport uses compact output exclusively for treatment and separates all branch tool results","status":"passed","title":"uses compact output exclusively for treatment and separates all branch tool results","duration":112.7826,"failureMessages":[],"meta":{},"tags":[]},{"ancestorTitles":["official SDK paired transport"],"fullName":"official SDK paired transport stops on an unsupported compact call without retries or replacement trials","status":"passed","title":"stops on an unsupported compact call without retries or replacement trials","duration":32.63499999999999,"failureMessages":[],"meta":{},"tags":[]}],"startTime":1789132839729,"endTime":1789132839885.635,"status":"passed","message":"","name":"C:/Users/Darian/Desktop/codex/tracer/test/compact.test.ts"},{"assertionResults":[{"ancestorTitles":["follow-up evidence"],"fullName":"follow-up evidence prevents a second Stage B dispatch from resetting the shared spending allowance","status":"passed","title":"prevents a second Stage B dispatch from resetting the shared spending allowance","duration":7.180700000000002,"failureMessages":[],"meta":{},"tags":[]},{"ancestorTitles":["follow-up evidence"],"fullName":"follow-up evidence binds the new frozen protocol and keeps six fresh trials separate from v4","status":"passed","title":"binds the new frozen protocol and keeps six fresh trials separate from v4","duration":4.775700000000029,"failureMessages":[],"meta":{},"tags":[]},{"ancestorTitles":["follow-up evidence"],"fullName":"follow-up evidence separates collection agreement from child accuracy (complete=true)","status":"passed","title":"separates collection agreement from child accuracy (complete=true)","duration":10.294399999999996,"failureMessages":[],"meta":{},"tags":[]},{"ancestorTitles":["follow-up evidence"],"fullName":"follow-up evidence separates collection agreement from child accuracy (complete=false)","status":"passed","title":"separates collection agreement from child accuracy (complete=false)","duration":7.0826999999999884,"failureMessages":[],"meta":{},"tags":[]}],"startTime":1789132839401,"endTime":1789132839430.0828,"status":"passed","message":"","name":"C:/Users/Darian/Desktop/codex/tracer/test/followup.test.ts"},{"assertionResults":[{"ancestorTitles":["context observation independent of recovery"],"fullName":"context observation independent of recovery requires a persistent drop and reports an interval","status":"passed","title":"requires a persistent drop and reports an interval","duration":3.376899999999978,"failureMessages":[],"meta":{},"tags":[]},{"ancestorTitles":["context observation independent of recovery"],"fullName":"context observation independent of recovery does not turn plateaus, cached savings, or missing samples into drops","status":"passed","title":"does not turn plateaus, cached savings, or missing samples into drops","duration":0.33350000000007185,"failureMessages":[],"meta":{},"tags":[]},{"ancestorTitles":["context observation independent of recovery"],"fullName":"context observation independent of recovery does not keep hunting after a failed first candidate","status":"passed","title":"does not keep hunting after a failed first candidate","duration":0.13369999999997617,"failureMessages":[],"meta":{},"tags":[]},{"ancestorTitles":["context observation independent of recovery"],"fullName":"context observation independent of recovery chooses on development, rejects held-out false positives, and explicitly detects deletion","status":"passed","title":"chooses on development, rejects held-out false positives, and explicitly detects deletion","duration":0.5960999999999785,"failureMessages":[],"meta":{},"tags":[]},{"ancestorTitles":["context observation independent of recovery"],"fullName":"context observation independent of recovery recall questions never supply the answer and scores exact random facts","status":"passed","title":"recall questions never supply the answer and scores exact random facts","duration":2.2420999999999367,"failureMessages":[],"meta":{},"tags":[]},{"ancestorTitles":["context observation independent of recovery"],"fullName":"context observation independent of recovery carries unknown reservations and refuses another call or allowance reset","status":"passed","title":"carries unknown reservations and refuses another call or allowance reset","duration":1.4032999999999447,"failureMessages":[],"meta":{},"tags":[]},{"ancestorTitles":["context observation independent of recovery"],"fullName":"context observation independent of recovery stops on reported cost, even if the prior reservation was smaller","status":"passed","title":"stops on reported cost, even if the prior reservation was smaller","duration":0.5134000000000469,"failureMessages":[],"meta":{},"tags":[]},{"ancestorTitles":["context observation independent of recovery"],"fullName":"context observation independent of recovery enforces the HTTP dispatch cap with cleanup capacity","status":"passed","title":"enforces the HTTP dispatch cap with cleanup capacity","duration":43.38980000000004,"failureMessages":[],"meta":{},"tags":[]},{"ancestorTitles":["context observation independent of recovery"],"fullName":"context observation independent of recovery rejects visible extra work and unstable accounting without assuming a generation count","status":"passed","title":"rejects visible extra work and unstable accounting without assuming a generation count","duration":1.837099999999964,"failureMessages":[],"meta":{},"tags":[]},{"ancestorTitles":["context observation independent of recovery"],"fullName":"context observation independent of recovery captures a malformed mock response before the pinned SDK throws, with no retry or secret exposure","status":"passed","title":"captures a malformed mock response before the pinned SDK throws, with no retry or secret exposure","duration":21.755800000000022,"failureMessages":[],"meta":{},"tags":[]},{"ancestorTitles":["context observation independent of recovery"],"fullName":"context observation independent of recovery freezes state in the same binding and allows corrected reports without repeating work","status":"passed","title":"freezes state in the same binding and allows corrected reports without repeating work","duration":346.7732,"failureMessages":[],"meta":{},"tags":[]}],"startTime":1789132839722,"endTime":1789132840144.7732,"status":"passed","message":"","name":"C:/Users/Darian/Desktop/codex/tracer/test/observation.test.ts"},{"assertionResults":[{"ancestorTitles":["protocol and budget"],"fullName":"protocol and budget binds the USD 2 Luna cohort to its frozen documents and prior accounting","status":"passed","title":"binds the USD 2 Luna cohort to its frozen documents and prior accounting","duration":5.7490999999999985,"failureMessages":[],"meta":{},"tags":[]},{"ancestorTitles":["protocol and budget"],"fullName":"protocol and budget has nine fresh seeds, rotating arm order, and no nonce in any request","status":"passed","title":"has nine fresh seeds, rotating arm order, and no nonce in any request","duration":1.7346999999999753,"failureMessages":[],"meta":{},"tags":[]},{"ancestorTitles":["protocol and budget"],"fullName":"protocol and budget refuses inference even when a credential could exist","status":"passed","title":"refuses inference even when a credential could exist","duration":1.5002000000000635,"failureMessages":[],"meta":{},"tags":[]},{"ancestorTitles":["protocol and budget"],"fullName":"protocol and budget admits the explicitly approved reported-usage policy without claiming a hard cap","status":"passed","title":"admits the explicitly approved reported-usage policy without claiming a hard cap","duration":0.947400000000016,"failureMessages":[],"meta":{},"tags":[]},{"ancestorTitles":["protocol and budget"],"fullName":"protocol and budget rejects excess output before incrementing admissions","status":"passed","title":"rejects excess output before incrementing admissions","duration":0.455600000000004,"failureMessages":[],"meta":{},"tags":[]},{"ancestorTitles":["protocol and budget"],"fullName":"protocol and budget caps HTTP requests while reserving cancellation capacity","status":"passed","title":"caps HTTP requests while reserving cancellation capacity","duration":4.576900000000023,"failureMessages":[],"meta":{},"tags":[]},{"ancestorTitles":["protocol and budget"],"fullName":"protocol and budget inventories the pinned real SDK without claiming the error enum is a configurable cap","status":"passed","title":"inventories the pinned real SDK without claiming the error enum is a configurable cap","duration":21.774999999999977,"failureMessages":[],"meta":{},"tags":[]},{"ancestorTitles":["reported usage stopping guard"],"fullName":"reported usage stopping guard deduplicates root/child snapshots and uses the greater aggregate instead of adding it","status":"passed","title":"deduplicates root/child snapshots and uses the greater aggregate instead of adding it","duration":0.6585000000000036,"failureMessages":[],"meta":{},"tags":[]},{"ancestorTitles":["reported usage stopping guard"],"fullName":"reported usage stopping guard includes reasoning within output once, ignores cache discounts, and stops at the trial threshold","status":"passed","title":"includes reasoning within output once, ignores cache discounts, and stops at the trial threshold","duration":0.45810000000005857,"failureMessages":[],"meta":{},"tags":[]},{"ancestorTitles":["reported usage stopping guard"],"fullName":"reported usage stopping guard stops on total study usage, missing turns, invalid counts, or a different model","status":"passed","title":"stops on total study usage, missing turns, invalid counts, or a different model","duration":0.7813999999999623,"failureMessages":[],"meta":{},"tags":[]},{"ancestorTitles":["reported usage stopping guard"],"fullName":"reported usage stopping guard includes the previous attempt without treating its usage as current-session telemetry","status":"passed","title":"includes the previous attempt without treating its usage as current-session telemetry","duration":0.2698999999998932,"failureMessages":[],"meta":{},"tags":[]},{"ancestorTitles":["reported usage stopping guard"],"fullName":"reported usage stopping guard reserves missing usage rather than pricing it as zero and releases only to observed cost","status":"passed","title":"reserves missing usage rather than pricing it as zero and releases only to observed cost","duration":0.23270000000002256,"failureMessages":[],"meta":{},"tags":[]},{"ancestorTitles":["function and evidence integrity"],"fullName":"function and evidence integrity reuses identical calls, rejects changed duplicates and new calls repeating a logical operation","status":"passed","title":"reuses identical calls, rejects changed duplicates and new calls repeating a logical operation","duration":4.415700000000015,"failureMessages":[],"meta":{},"tags":[]},{"ancestorTitles":["function and evidence integrity"],"fullName":"function and evidence integrity rejects duplicate results","status":"passed","title":"rejects duplicate results","duration":2.0506000000000313,"failureMessages":[],"meta":{},"tags":[]},{"ancestorTitles":["function and evidence integrity"],"fullName":"function and evidence integrity rejects missing results","status":"passed","title":"rejects missing results","duration":2.0375999999999976,"failureMessages":[],"meta":{},"tags":[]},{"ancestorTitles":["function and evidence integrity"],"fullName":"function and evidence integrity rejects stale results","status":"passed","title":"rejects stale results","duration":2.0266999999998916,"failureMessages":[],"meta":{},"tags":[]},{"ancestorTitles":["function and evidence integrity"],"fullName":"function and evidence integrity rejects extra results","status":"passed","title":"rejects extra results","duration":1.792100000000005,"failureMessages":[],"meta":{},"tags":[]},{"ancestorTitles":["function and evidence integrity"],"fullName":"function and evidence integrity checks exact results independently of the model final answer","status":"passed","title":"checks exact results independently of the model final answer","duration":2.1265999999999394,"failureMessages":[],"meta":{},"tags":[]},{"ancestorTitles":["function and evidence integrity"],"fullName":"function and evidence integrity detects tampering and redacts configured secrets","status":"passed","title":"detects tampering and redacts configured secrets","duration":5.092399999999998,"failureMessages":[],"meta":{},"tags":[]},{"ancestorTitles":["function and evidence integrity"],"fullName":"function and evidence integrity collects all pages and refuses a non-terminating page sequence","status":"passed","title":"collects all pages and refuses a non-terminating page sequence","duration":6.754400000000032,"failureMessages":[],"meta":{},"tags":[]},{"ancestorTitles":["falsification decisions"],"fullName":"falsification decisions never treats correct strings and child IDs as proof of the route","status":"passed","title":"never treats correct strings and child IDs as proof of the route","duration":0.55600000000004,"failureMessages":[],"meta":{},"tags":[]},{"ancestorTitles":["falsification decisions"],"fullName":"falsification decisions supports only all three controlled and independently reviewed blocks","status":"passed","title":"supports only all three controlled and independently reviewed blocks","duration":0.2256999999999607,"failureMessages":[],"meta":{},"tags":[]},{"ancestorTitles":["falsification decisions"],"fullName":"falsification decisions returns a clean negative for repeated verified runtime rejection","status":"passed","title":"returns a clean negative for repeated verified runtime rejection","duration":0.3105999999999085,"failureMessages":[],"meta":{},"tags":[]},{"ancestorTitles":["falsification decisions"],"fullName":"falsification decisions does not call control failures or mixed availability a categorical negative","status":"passed","title":"does not call control failures or mixed availability a categorical negative","duration":0.22640000000001237,"failureMessages":[],"meta":{},"tags":[]},{"ancestorTitles":["falsification decisions"],"fullName":"falsification decisions refuses reuse of a session and incomplete studies","status":"passed","title":"refuses reuse of a session and incomplete studies","duration":0.16849999999999454,"failureMessages":[],"meta":{},"tags":[]},{"ancestorTitles":["official SDK transport, synthetic HTTP only"],"fullName":"official SDK transport, synthetic HTTP only cancels managed work when reported usage reaches the trial stopping threshold","status":"passed","title":"cancels managed work when reported usage reaches the trial stopping threshold","duration":23.81039999999996,"failureMessages":[],"meta":{},"tags":[]},{"ancestorTitles":["official SDK transport, synthetic HTTP only"],"fullName":"official SDK transport, synthetic HTTP only allows delayed usage until the trial deadline and then cancels a silent live stream","status":"passed","title":"allows delayed usage until the trial deadline and then cancels a silent live stream","duration":38.12749999999994,"failureMessages":[],"meta":{},"tags":[]},{"ancestorTitles":["official SDK transport, synthetic HTTP only"],"fullName":"official SDK transport, synthetic HTTP only still cancels if the evidence log reaches its cap","status":"passed","title":"still cancels if the evidence log reaches its cap","duration":7.2391999999999825,"failureMessages":[],"meta":{},"tags":[]},{"ancestorTitles":["official SDK transport, synthetic HTTP only"],"fullName":"official SDK transport, synthetic HTTP only times out a silent stream and sends cancellation instead of merely closing SSE","status":"passed","title":"times out a silent stream and sends cancellation instead of merely closing SSE","duration":7.5364000000000715,"failureMessages":[],"meta":{},"tags":[]},{"ancestorTitles":["official SDK transport, synthetic HTTP only"],"fullName":"official SDK transport, synthetic HTTP only retains null usage and never promotes an idle event or child completion into root success","status":"passed","title":"retains null usage and never promotes an idle event or child completion into root success","duration":6.651700000000005,"failureMessages":[],"meta":{},"tags":[]},{"ancestorTitles":["official SDK transport, synthetic HTTP only"],"fullName":"official SDK transport, synthetic HTTP only handles real SDK SSE parsing, pending calls, paginated history and exact oracle checking","status":"passed","title":"handles real SDK SSE parsing, pending calls, paginated history and exact oracle checking","duration":15.69240000000002,"failureMessages":[],"meta":{},"tags":[]}],"startTime":1789132839958,"endTime":1789132840125.6924,"status":"passed","message":"","name":"C:/Users/Darian/Desktop/codex/tracer/test/probe.test.ts"},{"assertionResults":[{"ancestorTitles":["exact external state"],"fullName":"exact external state serves exact bytes by handle and rejects a missing locator or changed file","status":"passed","title":"serves exact bytes by handle and rejects a missing locator or changed file","duration":22.964300000000094,"failureMessages":[],"meta":{},"tags":[]},{"ancestorTitles":["exact external state"],"fullName":"exact external state keeps the handle out of later queries and uses one exact fixed pressure dose","status":"passed","title":"keeps the handle out of later queries and uses one exact fixed pressure dose","duration":20.926199999999994,"failureMessages":[],"meta":{},"tags":[]},{"ancestorTitles":["exact external state"],"fullName":"exact external state does not silently reissue the handle, fix query indices, or reexecute duplicate calls","status":"passed","title":"does not silently reissue the handle, fix query indices, or reexecute duplicate calls","duration":13.791799999999967,"failureMessages":[],"meta":{},"tags":[]},{"ancestorTitles":["exact external state"],"fullName":"exact external state checks the actual submitted data against immutable bytes (correct=true)","status":"passed","title":"checks the actual submitted data against immutable bytes (correct=true)","duration":33.14589999999998,"failureMessages":[],"meta":{},"tags":[]},{"ancestorTitles":["exact external state"],"fullName":"exact external state checks the actual submitted data against immutable bytes (correct=false)","status":"passed","title":"checks the actual submitted data against immutable bytes (correct=false)","duration":27.1579999999999,"failureMessages":[],"meta":{},"tags":[]},{"ancestorTitles":["compaction evidence classification"],"fullName":"compaction evidence classification never promotes successful pressure retrieval into proof of compaction","status":"passed","title":"never promotes successful pressure retrieval into proof of compaction","duration":0.3369999999999891,"failureMessages":[],"meta":{},"tags":[]},{"ancestorTitles":["compaction evidence classification"],"fullName":"compaction evidence classification can support verified boundaries or falsify locator survival with an intact store","status":"passed","title":"can support verified boundaries or falsify locator survival with an intact store","duration":0.2380000000000564,"failureMessages":[],"meta":{},"tags":[]},{"ancestorTitles":["official SDK continuation transport"],"fullName":"official SDK continuation transport subscribes before one input message and continues the same session without creating another","status":"passed","title":"subscribes before one input message and continues the same session without creating another","duration":32.56809999999996,"failureMessages":[],"meta":{},"tags":[]}],"startTime":1789132839647,"endTime":1789132839798.568,"status":"passed","message":"","name":"C:/Users/Darian/Desktop/codex/tracer/test/state.test.ts"}]}