{"numTotalTestSuites":6,"numPassedTestSuites":6,"numFailedTestSuites":0,"numPendingTestSuites":0,"numTotalTests":31,"numPassedTests":31,"numFailedTests":0,"numPendingTests":0,"numTodoTests":0,"snapshot":{"added":0,"failure":false,"filesAdded":0,"filesRemoved":0,"filesRemovedList":[],"filesUnmatched":0,"filesUpdated":0,"matched":0,"total":0,"unchecked":0,"uncheckedKeysByFile":[],"unmatched":0,"updated":0,"didUpdate":false},"startTime":1789086852989,"success":true,"testResults":[{"assertionResults":[{"ancestorTitles":["protocol and budget"],"fullName":"protocol and budget binds the USD 2 Luna cohort to its frozen documents and prior accounting","status":"passed","title":"binds the USD 2 Luna cohort to its frozen documents and prior accounting","duration":5.583100000000059,"failureMessages":[],"meta":{},"tags":[]},{"ancestorTitles":["protocol and budget"],"fullName":"protocol and budget has nine fresh seeds, rotating arm order, and no nonce in any request","status":"passed","title":"has nine fresh seeds, rotating arm order, and no nonce in any request","duration":1.6082999999999856,"failureMessages":[],"meta":{},"tags":[]},{"ancestorTitles":["protocol and budget"],"fullName":"protocol and budget refuses inference even when a credential could exist","status":"passed","title":"refuses inference even when a credential could exist","duration":1.4471999999999525,"failureMessages":[],"meta":{},"tags":[]},{"ancestorTitles":["protocol and budget"],"fullName":"protocol and budget admits the explicitly approved reported-usage policy without claiming a hard cap","status":"passed","title":"admits the explicitly approved reported-usage policy without claiming a hard cap","duration":0.8119000000000369,"failureMessages":[],"meta":{},"tags":[]},{"ancestorTitles":["protocol and budget"],"fullName":"protocol and budget rejects excess output before incrementing admissions","status":"passed","title":"rejects excess output before incrementing admissions","duration":0.47919999999999163,"failureMessages":[],"meta":{},"tags":[]},{"ancestorTitles":["protocol and budget"],"fullName":"protocol and budget caps HTTP requests while reserving cancellation capacity","status":"passed","title":"caps HTTP requests while reserving cancellation capacity","duration":5.669399999999996,"failureMessages":[],"meta":{},"tags":[]},{"ancestorTitles":["protocol and budget"],"fullName":"protocol and budget inventories the pinned real SDK without claiming the error enum is a configurable cap","status":"passed","title":"inventories the pinned real SDK without claiming the error enum is a configurable cap","duration":24.099900000000048,"failureMessages":[],"meta":{},"tags":[]},{"ancestorTitles":["reported usage stopping guard"],"fullName":"reported usage stopping guard deduplicates root/child snapshots and uses the greater aggregate instead of adding it","status":"passed","title":"deduplicates root/child snapshots and uses the greater aggregate instead of adding it","duration":0.6154999999999973,"failureMessages":[],"meta":{},"tags":[]},{"ancestorTitles":["reported usage stopping guard"],"fullName":"reported usage stopping guard includes reasoning within output once, ignores cache discounts, and stops at the trial threshold","status":"passed","title":"includes reasoning within output once, ignores cache discounts, and stops at the trial threshold","duration":0.441599999999994,"failureMessages":[],"meta":{},"tags":[]},{"ancestorTitles":["reported usage stopping guard"],"fullName":"reported usage stopping guard stops on total study usage, missing turns, invalid counts, or a different model","status":"passed","title":"stops on total study usage, missing turns, invalid counts, or a different model","duration":0.7878999999999223,"failureMessages":[],"meta":{},"tags":[]},{"ancestorTitles":["reported usage stopping guard"],"fullName":"reported usage stopping guard includes the previous attempt without treating its usage as current-session telemetry","status":"passed","title":"includes the previous attempt without treating its usage as current-session telemetry","duration":0.2722999999999729,"failureMessages":[],"meta":{},"tags":[]},{"ancestorTitles":["reported usage stopping guard"],"fullName":"reported usage stopping guard reserves missing usage rather than pricing it as zero and releases only to observed cost","status":"passed","title":"reserves missing usage rather than pricing it as zero and releases only to observed cost","duration":0.22490000000004784,"failureMessages":[],"meta":{},"tags":[]},{"ancestorTitles":["function and evidence integrity"],"fullName":"function and evidence integrity reuses identical calls, rejects changed duplicates and new calls repeating a logical operation","status":"passed","title":"reuses identical calls, rejects changed duplicates and new calls repeating a logical operation","duration":4.515600000000063,"failureMessages":[],"meta":{},"tags":[]},{"ancestorTitles":["function and evidence integrity"],"fullName":"function and evidence integrity rejects duplicate results","status":"passed","title":"rejects duplicate results","duration":2.3291000000000395,"failureMessages":[],"meta":{},"tags":[]},{"ancestorTitles":["function and evidence integrity"],"fullName":"function and evidence integrity rejects missing results","status":"passed","title":"rejects missing results","duration":1.754000000000019,"failureMessages":[],"meta":{},"tags":[]},{"ancestorTitles":["function and evidence integrity"],"fullName":"function and evidence integrity rejects stale results","status":"passed","title":"rejects stale results","duration":1.6702999999999975,"failureMessages":[],"meta":{},"tags":[]},{"ancestorTitles":["function and evidence integrity"],"fullName":"function and evidence integrity rejects extra results","status":"passed","title":"rejects extra results","duration":1.8182000000000471,"failureMessages":[],"meta":{},"tags":[]},{"ancestorTitles":["function and evidence integrity"],"fullName":"function and evidence integrity checks exact results independently of the model final answer","status":"passed","title":"checks exact results independently of the model final answer","duration":2.2872999999999593,"failureMessages":[],"meta":{},"tags":[]},{"ancestorTitles":["function and evidence integrity"],"fullName":"function and evidence integrity detects tampering and redacts configured secrets","status":"passed","title":"detects tampering and redacts configured secrets","duration":4.27069999999992,"failureMessages":[],"meta":{},"tags":[]},{"ancestorTitles":["function and evidence integrity"],"fullName":"function and evidence integrity collects all pages and refuses a non-terminating page sequence","status":"passed","title":"collects all pages and refuses a non-terminating page sequence","duration":6.808299999999917,"failureMessages":[],"meta":{},"tags":[]},{"ancestorTitles":["falsification decisions"],"fullName":"falsification decisions never treats correct strings and child IDs as proof of the route","status":"passed","title":"never treats correct strings and child IDs as proof of the route","duration":0.5804999999999154,"failureMessages":[],"meta":{},"tags":[]},{"ancestorTitles":["falsification decisions"],"fullName":"falsification decisions supports only all three controlled and independently reviewed blocks","status":"passed","title":"supports only all three controlled and independently reviewed blocks","duration":0.25879999999995107,"failureMessages":[],"meta":{},"tags":[]},{"ancestorTitles":["falsification decisions"],"fullName":"falsification decisions returns a clean negative for repeated verified runtime rejection","status":"passed","title":"returns a clean negative for repeated verified runtime rejection","duration":0.35149999999998727,"failureMessages":[],"meta":{},"tags":[]},{"ancestorTitles":["falsification decisions"],"fullName":"falsification decisions does not call control failures or mixed availability a categorical negative","status":"passed","title":"does not call control failures or mixed availability a categorical negative","duration":0.23889999999994416,"failureMessages":[],"meta":{},"tags":[]},{"ancestorTitles":["falsification decisions"],"fullName":"falsification decisions refuses reuse of a session and incomplete studies","status":"passed","title":"refuses reuse of a session and incomplete studies","duration":0.18780000000003838,"failureMessages":[],"meta":{},"tags":[]},{"ancestorTitles":["official SDK transport, synthetic HTTP only"],"fullName":"official SDK transport, synthetic HTTP only cancels managed work when reported usage reaches the trial stopping threshold","status":"passed","title":"cancels managed work when reported usage reaches the trial stopping threshold","duration":22.770000000000095,"failureMessages":[],"meta":{},"tags":[]},{"ancestorTitles":["official SDK transport, synthetic HTTP only"],"fullName":"official SDK transport, synthetic HTTP only allows delayed usage until the trial deadline and then cancels a silent live stream","status":"passed","title":"allows delayed usage until the trial deadline and then cancels a silent live stream","duration":34.25049999999999,"failureMessages":[],"meta":{},"tags":[]},{"ancestorTitles":["official SDK transport, synthetic HTTP only"],"fullName":"official SDK transport, synthetic HTTP only still cancels if the evidence log reaches its cap","status":"passed","title":"still cancels if the evidence log reaches its cap","duration":6.432099999999991,"failureMessages":[],"meta":{},"tags":[]},{"ancestorTitles":["official SDK transport, synthetic HTTP only"],"fullName":"official SDK transport, synthetic HTTP only times out a silent stream and sends cancellation instead of merely closing SSE","status":"passed","title":"times out a silent stream and sends cancellation instead of merely closing SSE","duration":6.590000000000032,"failureMessages":[],"meta":{},"tags":[]},{"ancestorTitles":["official SDK transport, synthetic HTTP only"],"fullName":"official SDK transport, synthetic HTTP only retains null usage and never promotes an idle event or child completion into root success","status":"passed","title":"retains null usage and never promotes an idle event or child completion into root success","duration":6.377100000000041,"failureMessages":[],"meta":{},"tags":[]},{"ancestorTitles":["official SDK transport, synthetic HTTP only"],"fullName":"official SDK transport, synthetic HTTP only handles real SDK SSE parsing, pending calls, paginated history and exact oracle checking","status":"passed","title":"handles real SDK SSE parsing, pending calls, paginated history and exact oracle checking","duration":14.696100000000001,"failureMessages":[],"meta":{},"tags":[]}],"startTime":1789086853809,"endTime":1789086853969.696,"status":"passed","message":"","name":"C:/Users/Darian/Desktop/codex/tracer/test/probe.test.ts"}]}