{"numTotalTestSuites":16,"numPassedTestSuites":16,"numFailedTestSuites":0,"numPendingTestSuites":0,"numTotalTests":51,"numPassedTests":51,"numFailedTests":0,"numPendingTests":0,"numTodoTests":0,"snapshot":{"added":0,"failure":false,"filesAdded":0,"filesRemoved":0,"filesRemovedList":[],"filesUnmatched":0,"filesUpdated":0,"matched":0,"total":0,"unchecked":0,"uncheckedKeysByFile":[],"unmatched":0,"updated":0,"didUpdate":false},"startTime":1789096229648,"success":true,"testResults":[{"assertionResults":[{"ancestorTitles":["Responses compaction evidence"],"fullName":"Responses compaction evidence distinguishes service compaction, retained plaintext, and opaque content","status":"passed","title":"distinguishes service compaction, retained plaintext, and opaque content","duration":3.434199999999919,"failureMessages":[],"meta":{},"tags":[]},{"ancestorTitles":["Responses compaction evidence"],"fullName":"Responses compaction evidence retains the complete canonical output without mutation or additional prior history","status":"passed","title":"retains the complete canonical output without mutation or additional prior history","duration":0.36630000000002383,"failureMessages":[],"meta":{},"tags":[]},{"ancestorTitles":["Responses compaction evidence"],"fullName":"Responses compaction evidence separates locator recovery from copying errors and requires a working control","status":"passed","title":"separates locator recovery from copying errors and requires a working control","duration":0.47460000000000946,"failureMessages":[],"meta":{},"tags":[]},{"ancestorTitles":["study allowance"],"fullName":"study allowance keeps unknown usage reserved and refuses more paid work","status":"passed","title":"keeps unknown usage reserved and refuses more paid work","duration":1.1966999999999643,"failureMessages":[],"meta":{},"tags":[]},{"ancestorTitles":["study allowance"],"fullName":"study allowance refuses admission near the threshold and stops on reported overshoot","status":"passed","title":"refuses admission near the threshold and stops on reported overshoot","duration":0.5332999999999402,"failureMessages":[],"meta":{},"tags":[]},{"ancestorTitles":["study allowance"],"fullName":"study allowance bounds request count and makes the dispatch claim exclusive","status":"passed","title":"bounds request count and makes the dispatch claim exclusive","duration":3.144200000000069,"failureMessages":[],"meta":{},"tags":[]},{"ancestorTitles":["official SDK paired transport"],"fullName":"official SDK paired transport uses compact output exclusively for treatment and separates all branch tool results","status":"passed","title":"uses compact output exclusively for treatment and separates all branch tool results","duration":98.20249999999999,"failureMessages":[],"meta":{},"tags":[]},{"ancestorTitles":["official SDK paired transport"],"fullName":"official SDK paired transport stops on an unsupported compact call without retries or replacement trials","status":"passed","title":"stops on an unsupported compact call without retries or replacement trials","duration":24.117999999999938,"failureMessages":[],"meta":{},"tags":[]}],"startTime":1789096230225,"endTime":1789096230357.118,"status":"passed","message":"","name":"C:/Users/Darian/Desktop/codex/tracer/test/compact.test.ts"},{"assertionResults":[{"ancestorTitles":["follow-up evidence"],"fullName":"follow-up evidence prevents a second Stage B dispatch from resetting the shared spending allowance","status":"passed","title":"prevents a second Stage B dispatch from resetting the shared spending allowance","duration":6.272099999999966,"failureMessages":[],"meta":{},"tags":[]},{"ancestorTitles":["follow-up evidence"],"fullName":"follow-up evidence binds the new frozen protocol and keeps six fresh trials separate from v4","status":"passed","title":"binds the new frozen protocol and keeps six fresh trials separate from v4","duration":4.616199999999992,"failureMessages":[],"meta":{},"tags":[]},{"ancestorTitles":["follow-up evidence"],"fullName":"follow-up evidence separates collection agreement from child accuracy (complete=true)","status":"passed","title":"separates collection agreement from child accuracy (complete=true)","duration":6.397600000000011,"failureMessages":[],"meta":{},"tags":[]},{"ancestorTitles":["follow-up evidence"],"fullName":"follow-up evidence separates collection agreement from child accuracy (complete=false)","status":"passed","title":"separates collection agreement from child accuracy (complete=false)","duration":5.434399999999982,"failureMessages":[],"meta":{},"tags":[]}],"startTime":1789096229948,"endTime":1789096229971.4343,"status":"passed","message":"","name":"C:/Users/Darian/Desktop/codex/tracer/test/followup.test.ts"},{"assertionResults":[{"ancestorTitles":["protocol and budget"],"fullName":"protocol and budget binds the USD 2 Luna cohort to its frozen documents and prior accounting","status":"passed","title":"binds the USD 2 Luna cohort to its frozen documents and prior accounting","duration":4.731800000000021,"failureMessages":[],"meta":{},"tags":[]},{"ancestorTitles":["protocol and budget"],"fullName":"protocol and budget has nine fresh seeds, rotating arm order, and no nonce in any request","status":"passed","title":"has nine fresh seeds, rotating arm order, and no nonce in any request","duration":1.4610000000000127,"failureMessages":[],"meta":{},"tags":[]},{"ancestorTitles":["protocol and budget"],"fullName":"protocol and budget refuses inference even when a credential could exist","status":"passed","title":"refuses inference even when a credential could exist","duration":1.3373000000000275,"failureMessages":[],"meta":{},"tags":[]},{"ancestorTitles":["protocol and budget"],"fullName":"protocol and budget admits the explicitly approved reported-usage policy without claiming a hard cap","status":"passed","title":"admits the explicitly approved reported-usage policy without claiming a hard cap","duration":0.8106000000000222,"failureMessages":[],"meta":{},"tags":[]},{"ancestorTitles":["protocol and budget"],"fullName":"protocol and budget rejects excess output before incrementing admissions","status":"passed","title":"rejects excess output before incrementing admissions","duration":0.5142999999999347,"failureMessages":[],"meta":{},"tags":[]},{"ancestorTitles":["protocol and budget"],"fullName":"protocol and budget caps HTTP requests while reserving cancellation capacity","status":"passed","title":"caps HTTP requests while reserving cancellation capacity","duration":4.6743000000000166,"failureMessages":[],"meta":{},"tags":[]},{"ancestorTitles":["protocol and budget"],"fullName":"protocol and budget inventories the pinned real SDK without claiming the error enum is a configurable cap","status":"passed","title":"inventories the pinned real SDK without claiming the error enum is a configurable cap","duration":22.053099999999972,"failureMessages":[],"meta":{},"tags":[]},{"ancestorTitles":["reported usage stopping guard"],"fullName":"reported usage stopping guard deduplicates root/child snapshots and uses the greater aggregate instead of adding it","status":"passed","title":"deduplicates root/child snapshots and uses the greater aggregate instead of adding it","duration":0.7334999999999354,"failureMessages":[],"meta":{},"tags":[]},{"ancestorTitles":["reported usage stopping guard"],"fullName":"reported usage stopping guard includes reasoning within output once, ignores cache discounts, and stops at the trial threshold","status":"passed","title":"includes reasoning within output once, ignores cache discounts, and stops at the trial threshold","duration":0.49860000000001037,"failureMessages":[],"meta":{},"tags":[]},{"ancestorTitles":["reported usage stopping guard"],"fullName":"reported usage stopping guard stops on total study usage, missing turns, invalid counts, or a different model","status":"passed","title":"stops on total study usage, missing turns, invalid counts, or a different model","duration":0.8507000000000744,"failureMessages":[],"meta":{},"tags":[]},{"ancestorTitles":["reported usage stopping guard"],"fullName":"reported usage stopping guard includes the previous attempt without treating its usage as current-session telemetry","status":"passed","title":"includes the previous attempt without treating its usage as current-session telemetry","duration":0.27530000000001564,"failureMessages":[],"meta":{},"tags":[]},{"ancestorTitles":["reported usage stopping guard"],"fullName":"reported usage stopping guard reserves missing usage rather than pricing it as zero and releases only to observed cost","status":"passed","title":"reserves missing usage rather than pricing it as zero and releases only to observed cost","duration":0.24079999999992197,"failureMessages":[],"meta":{},"tags":[]},{"ancestorTitles":["function and evidence integrity"],"fullName":"function and evidence integrity reuses identical calls, rejects changed duplicates and new calls repeating a logical operation","status":"passed","title":"reuses identical calls, rejects changed duplicates and new calls repeating a logical operation","duration":4.736299999999915,"failureMessages":[],"meta":{},"tags":[]},{"ancestorTitles":["function and evidence integrity"],"fullName":"function and evidence integrity rejects duplicate results","status":"passed","title":"rejects duplicate results","duration":2.004699999999957,"failureMessages":[],"meta":{},"tags":[]},{"ancestorTitles":["function and evidence integrity"],"fullName":"function and evidence integrity rejects missing results","status":"passed","title":"rejects missing results","duration":1.5480000000000018,"failureMessages":[],"meta":{},"tags":[]},{"ancestorTitles":["function and evidence integrity"],"fullName":"function and evidence integrity rejects stale results","status":"passed","title":"rejects stale results","duration":1.6762999999999693,"failureMessages":[],"meta":{},"tags":[]},{"ancestorTitles":["function and evidence integrity"],"fullName":"function and evidence integrity rejects extra results","status":"passed","title":"rejects extra results","duration":2.0079000000000633,"failureMessages":[],"meta":{},"tags":[]},{"ancestorTitles":["function and evidence integrity"],"fullName":"function and evidence integrity checks exact results independently of the model final answer","status":"passed","title":"checks exact results independently of the model final answer","duration":1.731200000000058,"failureMessages":[],"meta":{},"tags":[]},{"ancestorTitles":["function and evidence integrity"],"fullName":"function and evidence integrity detects tampering and redacts configured secrets","status":"passed","title":"detects tampering and redacts configured secrets","duration":3.8659000000000106,"failureMessages":[],"meta":{},"tags":[]},{"ancestorTitles":["function and evidence integrity"],"fullName":"function and evidence integrity collects all pages and refuses a non-terminating page sequence","status":"passed","title":"collects all pages and refuses a non-terminating page sequence","duration":6.76909999999998,"failureMessages":[],"meta":{},"tags":[]},{"ancestorTitles":["falsification decisions"],"fullName":"falsification decisions never treats correct strings and child IDs as proof of the route","status":"passed","title":"never treats correct strings and child IDs as proof of the route","duration":0.7276000000000522,"failureMessages":[],"meta":{},"tags":[]},{"ancestorTitles":["falsification decisions"],"fullName":"falsification decisions supports only all three controlled and independently reviewed blocks","status":"passed","title":"supports only all three controlled and independently reviewed blocks","duration":0.19220000000007076,"failureMessages":[],"meta":{},"tags":[]},{"ancestorTitles":["falsification decisions"],"fullName":"falsification decisions returns a clean negative for repeated verified runtime rejection","status":"passed","title":"returns a clean negative for repeated verified runtime rejection","duration":0.4007000000000289,"failureMessages":[],"meta":{},"tags":[]},{"ancestorTitles":["falsification decisions"],"fullName":"falsification decisions does not call control failures or mixed availability a categorical negative","status":"passed","title":"does not call control failures or mixed availability a categorical negative","duration":0.3386000000000422,"failureMessages":[],"meta":{},"tags":[]},{"ancestorTitles":["falsification decisions"],"fullName":"falsification decisions refuses reuse of a session and incomplete studies","status":"passed","title":"refuses reuse of a session and incomplete studies","duration":0.253400000000056,"failureMessages":[],"meta":{},"tags":[]},{"ancestorTitles":["official SDK transport, synthetic HTTP only"],"fullName":"official SDK transport, synthetic HTTP only cancels managed work when reported usage reaches the trial stopping threshold","status":"passed","title":"cancels managed work when reported usage reaches the trial stopping threshold","duration":22.548999999999978,"failureMessages":[],"meta":{},"tags":[]},{"ancestorTitles":["official SDK transport, synthetic HTTP only"],"fullName":"official SDK transport, synthetic HTTP only allows delayed usage until the trial deadline and then cancels a silent live stream","status":"passed","title":"allows delayed usage until the trial deadline and then cancels a silent live stream","duration":34.39509999999996,"failureMessages":[],"meta":{},"tags":[]},{"ancestorTitles":["official SDK transport, synthetic HTTP only"],"fullName":"official SDK transport, synthetic HTTP only still cancels if the evidence log reaches its cap","status":"passed","title":"still cancels if the evidence log reaches its cap","duration":6.644800000000032,"failureMessages":[],"meta":{},"tags":[]},{"ancestorTitles":["official SDK transport, synthetic HTTP only"],"fullName":"official SDK transport, synthetic HTTP only times out a silent stream and sends cancellation instead of merely closing SSE","status":"passed","title":"times out a silent stream and sends cancellation instead of merely closing SSE","duration":6.7695999999999685,"failureMessages":[],"meta":{},"tags":[]},{"ancestorTitles":["official SDK transport, synthetic HTTP only"],"fullName":"official SDK transport, synthetic HTTP only retains null usage and never promotes an idle event or child completion into root success","status":"passed","title":"retains null usage and never promotes an idle event or child completion into root success","duration":6.782000000000039,"failureMessages":[],"meta":{},"tags":[]},{"ancestorTitles":["official SDK transport, synthetic HTTP only"],"fullName":"official SDK transport, synthetic HTTP only handles real SDK SSE parsing, pending calls, paginated history and exact oracle checking","status":"passed","title":"handles real SDK SSE parsing, pending calls, paginated history and exact oracle checking","duration":14.210999999999899,"failureMessages":[],"meta":{},"tags":[]}],"startTime":1789096230430,"endTime":1789096230587.211,"status":"passed","message":"","name":"C:/Users/Darian/Desktop/codex/tracer/test/probe.test.ts"},{"assertionResults":[{"ancestorTitles":["exact external state"],"fullName":"exact external state serves exact bytes by handle and rejects a missing locator or changed file","status":"passed","title":"serves exact bytes by handle and rejects a missing locator or changed file","duration":22.3947,"failureMessages":[],"meta":{},"tags":[]},{"ancestorTitles":["exact external state"],"fullName":"exact external state keeps the handle out of later queries and uses one exact fixed pressure dose","status":"passed","title":"keeps the handle out of later queries and uses one exact fixed pressure dose","duration":18.236099999999965,"failureMessages":[],"meta":{},"tags":[]},{"ancestorTitles":["exact external state"],"fullName":"exact external state does not silently reissue the handle, fix query indices, or reexecute duplicate calls","status":"passed","title":"does not silently reissue the handle, fix query indices, or reexecute duplicate calls","duration":15.72339999999997,"failureMessages":[],"meta":{},"tags":[]},{"ancestorTitles":["exact external state"],"fullName":"exact external state checks the actual submitted data against immutable bytes (correct=true)","status":"passed","title":"checks the actual submitted data against immutable bytes (correct=true)","duration":22.815600000000018,"failureMessages":[],"meta":{},"tags":[]},{"ancestorTitles":["exact external state"],"fullName":"exact external state checks the actual submitted data against immutable bytes (correct=false)","status":"passed","title":"checks the actual submitted data against immutable bytes (correct=false)","duration":24.314899999999966,"failureMessages":[],"meta":{},"tags":[]},{"ancestorTitles":["compaction evidence classification"],"fullName":"compaction evidence classification never promotes successful pressure retrieval into proof of compaction","status":"passed","title":"never promotes successful pressure retrieval into proof of compaction","duration":0.34520000000009077,"failureMessages":[],"meta":{},"tags":[]},{"ancestorTitles":["compaction evidence classification"],"fullName":"compaction evidence classification can support verified boundaries or falsify locator survival with an intact store","status":"passed","title":"can support verified boundaries or falsify locator survival with an intact store","duration":0.2300999999999931,"failureMessages":[],"meta":{},"tags":[]},{"ancestorTitles":["official SDK continuation transport"],"fullName":"official SDK continuation transport subscribes before one input message and continues the same session without creating another","status":"passed","title":"subscribes before one input message and continues the same session without creating another","duration":31.613500000000045,"failureMessages":[],"meta":{},"tags":[]}],"startTime":1789096230169,"endTime":1789096230304.6135,"status":"passed","message":"","name":"C:/Users/Darian/Desktop/codex/tracer/test/state.test.ts"}]}