{"numTotalTestSuites":12,"numPassedTestSuites":12,"numFailedTestSuites":0,"numPendingTestSuites":0,"numTotalTests":43,"numPassedTests":43,"numFailedTests":0,"numPendingTests":0,"numTodoTests":0,"snapshot":{"added":0,"failure":false,"filesAdded":0,"filesRemoved":0,"filesRemovedList":[],"filesUnmatched":0,"filesUpdated":0,"matched":0,"total":0,"unchecked":0,"uncheckedKeysByFile":[],"unmatched":0,"updated":0,"didUpdate":false},"startTime":1789092416230,"success":true,"testResults":[{"assertionResults":[{"ancestorTitles":["follow-up evidence"],"fullName":"follow-up evidence prevents a second Stage B dispatch from resetting the shared spending allowance","status":"passed","title":"prevents a second Stage B dispatch from resetting the shared spending allowance","duration":6.385699999999986,"failureMessages":[],"meta":{},"tags":[]},{"ancestorTitles":["follow-up evidence"],"fullName":"follow-up evidence binds the new frozen protocol and keeps six fresh trials separate from v4","status":"passed","title":"binds the new frozen protocol and keeps six fresh trials separate from v4","duration":5.016799999999989,"failureMessages":[],"meta":{},"tags":[]},{"ancestorTitles":["follow-up evidence"],"fullName":"follow-up evidence separates collection agreement from child accuracy (complete=true)","status":"passed","title":"separates collection agreement from child accuracy (complete=true)","duration":7.588799999999992,"failureMessages":[],"meta":{},"tags":[]},{"ancestorTitles":["follow-up evidence"],"fullName":"follow-up evidence separates collection agreement from child accuracy (complete=false)","status":"passed","title":"separates collection agreement from child accuracy (complete=false)","duration":5.629699999999957,"failureMessages":[],"meta":{},"tags":[]}],"startTime":1789092416556,"endTime":1789092416580.6296,"status":"passed","message":"","name":"C:/Users/Darian/Desktop/codex/tracer/test/followup.test.ts"},{"assertionResults":[{"ancestorTitles":["protocol and budget"],"fullName":"protocol and budget binds the USD 2 Luna cohort to its frozen documents and prior accounting","status":"passed","title":"binds the USD 2 Luna cohort to its frozen documents and prior accounting","duration":4.880500000000097,"failureMessages":[],"meta":{},"tags":[]},{"ancestorTitles":["protocol and budget"],"fullName":"protocol and budget has nine fresh seeds, rotating arm order, and no nonce in any request","status":"passed","title":"has nine fresh seeds, rotating arm order, and no nonce in any request","duration":1.8071999999999662,"failureMessages":[],"meta":{},"tags":[]},{"ancestorTitles":["protocol and budget"],"fullName":"protocol and budget refuses inference even when a credential could exist","status":"passed","title":"refuses inference even when a credential could exist","duration":1.6947000000000116,"failureMessages":[],"meta":{},"tags":[]},{"ancestorTitles":["protocol and budget"],"fullName":"protocol and budget admits the explicitly approved reported-usage policy without claiming a hard cap","status":"passed","title":"admits the explicitly approved reported-usage policy without claiming a hard cap","duration":0.8919000000000779,"failureMessages":[],"meta":{},"tags":[]},{"ancestorTitles":["protocol and budget"],"fullName":"protocol and budget rejects excess output before incrementing admissions","status":"passed","title":"rejects excess output before incrementing admissions","duration":0.38599999999996726,"failureMessages":[],"meta":{},"tags":[]},{"ancestorTitles":["protocol and budget"],"fullName":"protocol and budget caps HTTP requests while reserving cancellation capacity","status":"passed","title":"caps HTTP requests while reserving cancellation capacity","duration":4.790900000000079,"failureMessages":[],"meta":{},"tags":[]},{"ancestorTitles":["protocol and budget"],"fullName":"protocol and budget inventories the pinned real SDK without claiming the error enum is a configurable cap","status":"passed","title":"inventories the pinned real SDK without claiming the error enum is a configurable cap","duration":23.936500000000024,"failureMessages":[],"meta":{},"tags":[]},{"ancestorTitles":["reported usage stopping guard"],"fullName":"reported usage stopping guard deduplicates root/child snapshots and uses the greater aggregate instead of adding it","status":"passed","title":"deduplicates root/child snapshots and uses the greater aggregate instead of adding it","duration":0.6044000000000551,"failureMessages":[],"meta":{},"tags":[]},{"ancestorTitles":["reported usage stopping guard"],"fullName":"reported usage stopping guard includes reasoning within output once, ignores cache discounts, and stops at the trial threshold","status":"passed","title":"includes reasoning within output once, ignores cache discounts, and stops at the trial threshold","duration":0.4117999999999711,"failureMessages":[],"meta":{},"tags":[]},{"ancestorTitles":["reported usage stopping guard"],"fullName":"reported usage stopping guard stops on total study usage, missing turns, invalid counts, or a different model","status":"passed","title":"stops on total study usage, missing turns, invalid counts, or a different model","duration":1.022899999999936,"failureMessages":[],"meta":{},"tags":[]},{"ancestorTitles":["reported usage stopping guard"],"fullName":"reported usage stopping guard includes the previous attempt without treating its usage as current-session telemetry","status":"passed","title":"includes the previous attempt without treating its usage as current-session telemetry","duration":0.46329999999989013,"failureMessages":[],"meta":{},"tags":[]},{"ancestorTitles":["reported usage stopping guard"],"fullName":"reported usage stopping guard reserves missing usage rather than pricing it as zero and releases only to observed cost","status":"passed","title":"reserves missing usage rather than pricing it as zero and releases only to observed cost","duration":0.3854000000000042,"failureMessages":[],"meta":{},"tags":[]},{"ancestorTitles":["function and evidence integrity"],"fullName":"function and evidence integrity reuses identical calls, rejects changed duplicates and new calls repeating a logical operation","status":"passed","title":"reuses identical calls, rejects changed duplicates and new calls repeating a logical operation","duration":4.53570000000002,"failureMessages":[],"meta":{},"tags":[]},{"ancestorTitles":["function and evidence integrity"],"fullName":"function and evidence integrity rejects duplicate results","status":"passed","title":"rejects duplicate results","duration":3.094400000000064,"failureMessages":[],"meta":{},"tags":[]},{"ancestorTitles":["function and evidence integrity"],"fullName":"function and evidence integrity rejects missing results","status":"passed","title":"rejects missing results","duration":2.8040999999999485,"failureMessages":[],"meta":{},"tags":[]},{"ancestorTitles":["function and evidence integrity"],"fullName":"function and evidence integrity rejects stale results","status":"passed","title":"rejects stale results","duration":2.706899999999905,"failureMessages":[],"meta":{},"tags":[]},{"ancestorTitles":["function and evidence integrity"],"fullName":"function and evidence integrity rejects extra results","status":"passed","title":"rejects extra results","duration":2.3059999999999263,"failureMessages":[],"meta":{},"tags":[]},{"ancestorTitles":["function and evidence integrity"],"fullName":"function and evidence integrity checks exact results independently of the model final answer","status":"passed","title":"checks exact results independently of the model final answer","duration":2.2024999999999864,"failureMessages":[],"meta":{},"tags":[]},{"ancestorTitles":["function and evidence integrity"],"fullName":"function and evidence integrity detects tampering and redacts configured secrets","status":"passed","title":"detects tampering and redacts configured secrets","duration":4.936199999999985,"failureMessages":[],"meta":{},"tags":[]},{"ancestorTitles":["function and evidence integrity"],"fullName":"function and evidence integrity collects all pages and refuses a non-terminating page sequence","status":"passed","title":"collects all pages and refuses a non-terminating page sequence","duration":7.172500000000014,"failureMessages":[],"meta":{},"tags":[]},{"ancestorTitles":["falsification decisions"],"fullName":"falsification decisions never treats correct strings and child IDs as proof of the route","status":"passed","title":"never treats correct strings and child IDs as proof of the route","duration":0.7549999999999955,"failureMessages":[],"meta":{},"tags":[]},{"ancestorTitles":["falsification decisions"],"fullName":"falsification decisions supports only all three controlled and independently reviewed blocks","status":"passed","title":"supports only all three controlled and independently reviewed blocks","duration":0.20199999999999818,"failureMessages":[],"meta":{},"tags":[]},{"ancestorTitles":["falsification decisions"],"fullName":"falsification decisions returns a clean negative for repeated verified runtime rejection","status":"passed","title":"returns a clean negative for repeated verified runtime rejection","duration":0.31320000000005166,"failureMessages":[],"meta":{},"tags":[]},{"ancestorTitles":["falsification decisions"],"fullName":"falsification decisions does not call control failures or mixed availability a categorical negative","status":"passed","title":"does not call control failures or mixed availability a categorical negative","duration":0.23670000000004165,"failureMessages":[],"meta":{},"tags":[]},{"ancestorTitles":["falsification decisions"],"fullName":"falsification decisions refuses reuse of a session and incomplete studies","status":"passed","title":"refuses reuse of a session and incomplete studies","duration":0.18990000000007967,"failureMessages":[],"meta":{},"tags":[]},{"ancestorTitles":["official SDK transport, synthetic HTTP only"],"fullName":"official SDK transport, synthetic HTTP only cancels managed work when reported usage reaches the trial stopping threshold","status":"passed","title":"cancels managed work when reported usage reaches the trial stopping threshold","duration":23.86940000000004,"failureMessages":[],"meta":{},"tags":[]},{"ancestorTitles":["official SDK transport, synthetic HTTP only"],"fullName":"official SDK transport, synthetic HTTP only allows delayed usage until the trial deadline and then cancels a silent live stream","status":"passed","title":"allows delayed usage until the trial deadline and then cancels a silent live stream","duration":40.76850000000002,"failureMessages":[],"meta":{},"tags":[]},{"ancestorTitles":["official SDK transport, synthetic HTTP only"],"fullName":"official SDK transport, synthetic HTTP only still cancels if the evidence log reaches its cap","status":"passed","title":"still cancels if the evidence log reaches its cap","duration":8.038000000000011,"failureMessages":[],"meta":{},"tags":[]},{"ancestorTitles":["official SDK transport, synthetic HTTP only"],"fullName":"official SDK transport, synthetic HTTP only times out a silent stream and sends cancellation instead of merely closing SSE","status":"passed","title":"times out a silent stream and sends cancellation instead of merely closing SSE","duration":8.68470000000002,"failureMessages":[],"meta":{},"tags":[]},{"ancestorTitles":["official SDK transport, synthetic HTTP only"],"fullName":"official SDK transport, synthetic HTTP only retains null usage and never promotes an idle event or child completion into root success","status":"passed","title":"retains null usage and never promotes an idle event or child completion into root success","duration":7.862100000000055,"failureMessages":[],"meta":{},"tags":[]},{"ancestorTitles":["official SDK transport, synthetic HTTP only"],"fullName":"official SDK transport, synthetic HTTP only handles real SDK SSE parsing, pending calls, paginated history and exact oracle checking","status":"passed","title":"handles real SDK SSE parsing, pending calls, paginated history and exact oracle checking","duration":17.834600000000023,"failureMessages":[],"meta":{},"tags":[]}],"startTime":1789092417064,"endTime":1789092417244.8347,"status":"passed","message":"","name":"C:/Users/Darian/Desktop/codex/tracer/test/probe.test.ts"},{"assertionResults":[{"ancestorTitles":["exact external state"],"fullName":"exact external state serves exact bytes by handle and rejects a missing locator or changed file","status":"passed","title":"serves exact bytes by handle and rejects a missing locator or changed file","duration":23.86119999999994,"failureMessages":[],"meta":{},"tags":[]},{"ancestorTitles":["exact external state"],"fullName":"exact external state keeps the handle out of later queries and uses one exact fixed pressure dose","status":"passed","title":"keeps the handle out of later queries and uses one exact fixed pressure dose","duration":19.48199999999997,"failureMessages":[],"meta":{},"tags":[]},{"ancestorTitles":["exact external state"],"fullName":"exact external state does not silently reissue the handle, fix query indices, or reexecute duplicate calls","status":"passed","title":"does not silently reissue the handle, fix query indices, or reexecute duplicate calls","duration":21.970500000000015,"failureMessages":[],"meta":{},"tags":[]},{"ancestorTitles":["exact external state"],"fullName":"exact external state checks the actual submitted data against immutable bytes (correct=true)","status":"passed","title":"checks the actual submitted data against immutable bytes (correct=true)","duration":25.485799999999927,"failureMessages":[],"meta":{},"tags":[]},{"ancestorTitles":["exact external state"],"fullName":"exact external state checks the actual submitted data against immutable bytes (correct=false)","status":"passed","title":"checks the actual submitted data against immutable bytes (correct=false)","duration":23.29690000000005,"failureMessages":[],"meta":{},"tags":[]},{"ancestorTitles":["compaction evidence classification"],"fullName":"compaction evidence classification never promotes successful pressure retrieval into proof of compaction","status":"passed","title":"never promotes successful pressure retrieval into proof of compaction","duration":0.3593999999999369,"failureMessages":[],"meta":{},"tags":[]},{"ancestorTitles":["compaction evidence classification"],"fullName":"compaction evidence classification can support verified boundaries or falsify locator survival with an intact store","status":"passed","title":"can support verified boundaries or falsify locator survival with an intact store","duration":0.23279999999999745,"failureMessages":[],"meta":{},"tags":[]},{"ancestorTitles":["official SDK continuation transport"],"fullName":"official SDK continuation transport subscribes before one input message and continues the same session without creating another","status":"passed","title":"subscribes before one input message and continues the same session without creating another","duration":31.903500000000008,"failureMessages":[],"meta":{},"tags":[]}],"startTime":1789092416783,"endTime":1789092416930.9036,"status":"passed","message":"","name":"C:/Users/Darian/Desktop/codex/tracer/test/state.test.ts"}]}