{"numTotalTestSuites":24,"numPassedTestSuites":24,"numFailedTestSuites":0,"numPendingTestSuites":0,"numTotalTests":90,"numPassedTests":90,"numFailedTests":0,"numPendingTests":0,"numTodoTests":0,"snapshot":{"added":0,"failure":false,"filesAdded":0,"filesRemoved":0,"filesRemovedList":[],"filesUnmatched":0,"filesUpdated":0,"matched":0,"total":0,"unchecked":0,"uncheckedKeysByFile":[],"unmatched":0,"updated":0,"didUpdate":false},"startTime":1789138887398,"success":true,"testResults":[{"assertionResults":[{"ancestorTitles":["checkpoint adapter"],"fullName":"checkpoint adapter recovers only the actual session binding from disk and does not enumerate tasks","status":"passed","title":"recovers only the actual session binding from disk and does not enumerate tasks","duration":290.9322000000001,"failureMessages":[],"meta":{},"tags":[]},{"ancestorTitles":["checkpoint adapter"],"fullName":"checkpoint adapter rejects changed task.json across reload","status":"passed","title":"rejects changed task.json across reload","duration":120.01679999999999,"failureMessages":[],"meta":{},"tags":[]},{"ancestorTitles":["checkpoint adapter"],"fullName":"checkpoint adapter rejects changed external-state.json across reload","status":"passed","title":"rejects changed external-state.json across reload","duration":122.00959999999998,"failureMessages":[],"meta":{},"tags":[]},{"ancestorTitles":["checkpoint adapter"],"fullName":"checkpoint adapter rejects changed checkpoint.json across reload","status":"passed","title":"rejects changed checkpoint.json across reload","duration":112.33029999999985,"failureMessages":[],"meta":{},"tags":[]},{"ancestorTitles":["checkpoint adapter"],"fullName":"checkpoint adapter rejects changed result across reload","status":"passed","title":"rejects changed result across reload","duration":106.82240000000002,"failureMessages":[],"meta":{},"tags":[]},{"ancestorTitles":["checkpoint adapter"],"fullName":"checkpoint adapter preserves exact receipts, reuses durable transport calls, and records prevented logical duplicates","status":"passed","title":"preserves exact receipts, reuses durable transport calls, and records prevented logical duplicates","duration":142.49410000000012,"failureMessages":[],"meta":{},"tags":[]},{"ancestorTitles":["checkpoint adapter"],"fullName":"checkpoint adapter checks old/new IDs and every exact digest and receipt independently","status":"passed","title":"checks old/new IDs and every exact digest and receipt independently","duration":229.66710000000012,"failureMessages":[],"meta":{},"tags":[]},{"ancestorTitles":["checkpoint adapter"],"fullName":"checkpoint adapter does not expose data or execute a job for an unbound session","status":"passed","title":"does not expose data or execute a job for an unbound session","duration":109.19100000000003,"failureMessages":[],"meta":{},"tags":[]},{"ancestorTitles":["checkpoint adapter"],"fullName":"checkpoint adapter caps new logical calls before executing an additional operation","status":"passed","title":"caps new logical calls before executing an additional operation","duration":206.26310000000012,"failureMessages":[],"meta":{},"tags":[]},{"ancestorTitles":["fixed study and falsification"],"fullName":"fixed study and falsification uses identical fresh instructions without task data, and an exclusive paid dispatch claim","status":"passed","title":"uses identical fresh instructions without task data, and an exclusive paid dispatch claim","duration":108.87490000000003,"failureMessages":[],"meta":{},"tags":[]},{"ancestorTitles":["fixed study and falsification"],"fullName":"fixed study and falsification supports a valid recovery but rejects prevented repetition and an inaccurate report","status":"passed","title":"supports a valid recovery but rejects prevented repetition and an inaccurate report","duration":0.4818000000000211,"failureMessages":[],"meta":{},"tags":[]},{"ancestorTitles":["fixed study and falsification"],"fullName":"fixed study and falsification keeps API errors, missing setup, corruption and contaminated requests inconclusive","status":"passed","title":"keeps API errors, missing setup, corruption and contaminated requests inconclusive","duration":0.22989999999981592,"failureMessages":[],"meta":{},"tags":[]},{"ancestorTitles":["fixed study and falsification"],"fullName":"fixed study and falsification requires an explicit empty blocked report and no unbound process attempt","status":"passed","title":"requires an explicit empty blocked report and no unbound process attempt","duration":0.1558999999997468,"failureMessages":[],"meta":{},"tags":[]},{"ancestorTitles":[],"fullName":"binds the actual SDK-created session once, before dispatching any pending function","status":"passed","title":"binds the actual SDK-created session once, before dispatching any pending function","duration":27.084299999999985,"failureMessages":[],"meta":{},"tags":[]}],"startTime":1789138888026,"endTime":1789138889603.0842,"status":"passed","message":"","name":"C:/Users/Darian/Desktop/codex/tracer/test/checkpoint.test.ts"},{"assertionResults":[{"ancestorTitles":["Responses compaction evidence"],"fullName":"Responses compaction evidence distinguishes service compaction, retained plaintext, and opaque content","status":"passed","title":"distinguishes service compaction, retained plaintext, and opaque content","duration":4.04200000000003,"failureMessages":[],"meta":{},"tags":[]},{"ancestorTitles":["Responses compaction evidence"],"fullName":"Responses compaction evidence retains the complete canonical output without mutation or additional prior history","status":"passed","title":"retains the complete canonical output without mutation or additional prior history","duration":0.6538999999999078,"failureMessages":[],"meta":{},"tags":[]},{"ancestorTitles":["Responses compaction evidence"],"fullName":"Responses compaction evidence separates locator recovery from copying errors and requires a working control","status":"passed","title":"separates locator recovery from copying errors and requires a working control","duration":0.7486999999999853,"failureMessages":[],"meta":{},"tags":[]},{"ancestorTitles":["study allowance"],"fullName":"study allowance keeps unknown usage reserved and refuses more paid work","status":"passed","title":"keeps unknown usage reserved and refuses more paid work","duration":1.2676000000000158,"failureMessages":[],"meta":{},"tags":[]},{"ancestorTitles":["study allowance"],"fullName":"study allowance refuses admission near the threshold and stops on reported overshoot","status":"passed","title":"refuses admission near the threshold and stops on reported overshoot","duration":0.6305999999999585,"failureMessages":[],"meta":{},"tags":[]},{"ancestorTitles":["study allowance"],"fullName":"study allowance bounds request count and makes the dispatch claim exclusive","status":"passed","title":"bounds request count and makes the dispatch claim exclusive","duration":4.095300000000066,"failureMessages":[],"meta":{},"tags":[]},{"ancestorTitles":["official SDK paired transport"],"fullName":"official SDK paired transport uses compact output exclusively for treatment and separates all branch tool results","status":"passed","title":"uses compact output exclusively for treatment and separates all branch tool results","duration":129.8442,"failureMessages":[],"meta":{},"tags":[]},{"ancestorTitles":["official SDK paired transport"],"fullName":"official SDK paired transport stops on an unsupported compact call without retries or replacement trials","status":"passed","title":"stops on an unsupported compact call without retries or replacement trials","duration":31.579900000000066,"failureMessages":[],"meta":{},"tags":[]}],"startTime":1789138888152,"endTime":1789138888325.5798,"status":"passed","message":"","name":"C:/Users/Darian/Desktop/codex/tracer/test/compact.test.ts"},{"assertionResults":[{"ancestorTitles":["follow-up evidence"],"fullName":"follow-up evidence prevents a second Stage B dispatch from resetting the shared spending allowance","status":"passed","title":"prevents a second Stage B dispatch from resetting the shared spending allowance","duration":8.728599999999972,"failureMessages":[],"meta":{},"tags":[]},{"ancestorTitles":["follow-up evidence"],"fullName":"follow-up evidence binds the new frozen protocol and keeps six fresh trials separate from v4","status":"passed","title":"binds the new frozen protocol and keeps six fresh trials separate from v4","duration":6.189300000000003,"failureMessages":[],"meta":{},"tags":[]},{"ancestorTitles":["follow-up evidence"],"fullName":"follow-up evidence separates collection agreement from child accuracy (complete=true)","status":"passed","title":"separates collection agreement from child accuracy (complete=true)","duration":9.246500000000026,"failureMessages":[],"meta":{},"tags":[]},{"ancestorTitles":["follow-up evidence"],"fullName":"follow-up evidence separates collection agreement from child accuracy (complete=false)","status":"passed","title":"separates collection agreement from child accuracy (complete=false)","duration":7.671600000000012,"failureMessages":[],"meta":{},"tags":[]}],"startTime":1789138887824,"endTime":1789138887856.6716,"status":"passed","message":"","name":"C:/Users/Darian/Desktop/codex/tracer/test/followup.test.ts"},{"assertionResults":[{"ancestorTitles":["carried observation continuation"],"fullName":"carried observation continuation adopts only a completed ACK with the exact originally requested input","status":"passed","title":"adopts only a completed ACK with the exact originally requested input","duration":4.809800000000109,"failureMessages":[],"meta":{},"tags":[]},{"ancestorTitles":["carried observation continuation"],"fullName":"carried observation continuation retains transport reservations and refuses retries when a new or active turn exists","status":"passed","title":"retains transport reservations and refuses retries when a new or active turn exists","duration":0.6757999999999811,"failureMessages":[],"meta":{},"tags":[]},{"ancestorTitles":["carried observation continuation"],"fullName":"carried observation continuation restores delayed usage into the same guard once, preserving the original binding","status":"passed","title":"restores delayed usage into the same guard once, preserving the original binding","duration":55.01969999999994,"failureMessages":[],"meta":{},"tags":[]},{"ancestorTitles":["carried observation continuation"],"fullName":"carried observation continuation does not release the historical reservation or settle it with the replacement usage","status":"passed","title":"does not release the historical reservation or settle it with the replacement usage","duration":0.7930999999999813,"failureMessages":[],"meta":{},"tags":[]},{"ancestorTitles":["carried observation continuation"],"fullName":"carried observation continuation blocks another call on new unknown usage and caps the continuation at six requests","status":"passed","title":"blocks another call on new unknown usage and caps the continuation at six requests","duration":1.565900000000056,"failureMessages":[],"meta":{},"tags":[]},{"ancestorTitles":["carried observation continuation"],"fullName":"carried observation continuation uses the frozen detector and reconstructs only the missing stateless requests","status":"passed","title":"uses the frozen detector and reconstructs only the missing stateless requests","duration":14.201900000000023,"failureMessages":[],"meta":{},"tags":[]},{"ancestorTitles":["carried observation continuation"],"fullName":"carried observation continuation requires a stable bridge and refuses duplicate continuation claims","status":"passed","title":"requires a stable bridge and refuses duplicate continuation claims","duration":3.758100000000013,"failureMessages":[],"meta":{},"tags":[]},{"ancestorTitles":["carried observation continuation"],"fullName":"carried observation continuation completes the saved fixture against mock HTTP without relearning a rule","status":"passed","title":"completes the saved fixture against mock HTTP without relearning a rule","duration":78.10759999999993,"failureMessages":[],"meta":{},"tags":[]},{"ancestorTitles":["carried observation continuation"],"fullName":"carried observation continuation stops on a changed bridge without dispatching the remaining requests","status":"passed","title":"stops on a changed bridge without dispatching the remaining requests","duration":12.14179999999999,"failureMessages":[],"meta":{},"tags":[]}],"startTime":1789138888070,"endTime":1789138888241.1418,"status":"passed","message":"","name":"C:/Users/Darian/Desktop/codex/tracer/test/observation-continuation.test.ts"},{"assertionResults":[{"ancestorTitles":[],"fullName":"retries read-only connection and HTTP failures twice; never retries POST or local caps","status":"passed","title":"retries read-only connection and HTTP failures twice; never retries POST or local caps","duration":26.226400000000012,"failureMessages":[],"meta":{},"tags":[]},{"ancestorTitles":[],"fullName":"adopts the completed first control without paying for its eleven turns twice","status":"passed","title":"adopts the completed first control without paying for its eleven turns twice","duration":97.03189999999995,"failureMessages":[],"meta":{},"tags":[]},{"ancestorTitles":[],"fullName":"carries all three sessions and retains the second control collection failure","status":"passed","title":"carries all three sessions and retains the second control collection failure","duration":78.18439999999998,"failureMessages":[],"meta":{},"tags":[]},{"ancestorTitles":[],"fullName":"verifies the third control independently and carries all five sessions into the last case","status":"passed","title":"verifies the third control independently and carries all five sessions into the last case","duration":81.31560000000002,"failureMessages":[],"meta":{},"tags":[]},{"ancestorTitles":[],"fullName":"replays a carried detector even when the continuation has no new detector-lock file","status":"passed","title":"replays a carried detector even when the continuation has no new detector-lock file","duration":806.7823,"failureMessages":[],"meta":{},"tags":[]}],"startTime":1789138888157,"endTime":1789138889246.7822,"status":"passed","message":"","name":"C:/Users/Darian/Desktop/codex/tracer/test/observation-transport.test.ts"},{"assertionResults":[{"ancestorTitles":["context observation independent of recovery"],"fullName":"context observation independent of recovery requires a persistent drop and reports an interval","status":"passed","title":"requires a persistent drop and reports an interval","duration":3.1643000000000256,"failureMessages":[],"meta":{},"tags":[]},{"ancestorTitles":["context observation independent of recovery"],"fullName":"context observation independent of recovery does not turn plateaus, cached savings, or missing samples into drops","status":"passed","title":"does not turn plateaus, cached savings, or missing samples into drops","duration":0.3895999999999731,"failureMessages":[],"meta":{},"tags":[]},{"ancestorTitles":["context observation independent of recovery"],"fullName":"context observation independent of recovery does not keep hunting after a failed first candidate","status":"passed","title":"does not keep hunting after a failed first candidate","duration":0.17519999999990432,"failureMessages":[],"meta":{},"tags":[]},{"ancestorTitles":["context observation independent of recovery"],"fullName":"context observation independent of recovery chooses on development, rejects held-out false positives, and explicitly detects deletion","status":"passed","title":"chooses on development, rejects held-out false positives, and explicitly detects deletion","duration":0.6531999999999698,"failureMessages":[],"meta":{},"tags":[]},{"ancestorTitles":["context observation independent of recovery"],"fullName":"context observation independent of recovery recall questions never supply the answer and scores exact random facts","status":"passed","title":"recall questions never supply the answer and scores exact random facts","duration":2.56880000000001,"failureMessages":[],"meta":{},"tags":[]},{"ancestorTitles":["context observation independent of recovery"],"fullName":"context observation independent of recovery carries unknown reservations and refuses another call or allowance reset","status":"passed","title":"carries unknown reservations and refuses another call or allowance reset","duration":2.934099999999944,"failureMessages":[],"meta":{},"tags":[]},{"ancestorTitles":["context observation independent of recovery"],"fullName":"context observation independent of recovery stops on reported cost, even if the prior reservation was smaller","status":"passed","title":"stops on reported cost, even if the prior reservation was smaller","duration":0.5124000000000706,"failureMessages":[],"meta":{},"tags":[]},{"ancestorTitles":["context observation independent of recovery"],"fullName":"context observation independent of recovery enforces the HTTP dispatch cap with cleanup capacity","status":"passed","title":"enforces the HTTP dispatch cap with cleanup capacity","duration":46.03250000000003,"failureMessages":[],"meta":{},"tags":[]},{"ancestorTitles":["context observation independent of recovery"],"fullName":"context observation independent of recovery rejects visible extra work and unstable accounting without assuming a generation count","status":"passed","title":"rejects visible extra work and unstable accounting without assuming a generation count","duration":1.6286999999999807,"failureMessages":[],"meta":{},"tags":[]},{"ancestorTitles":["context observation independent of recovery"],"fullName":"context observation independent of recovery captures a malformed mock response before the pinned SDK throws, with no retry or secret exposure","status":"passed","title":"captures a malformed mock response before the pinned SDK throws, with no retry or secret exposure","duration":23.08789999999999,"failureMessages":[],"meta":{},"tags":[]},{"ancestorTitles":["context observation independent of recovery"],"fullName":"context observation independent of recovery freezes state in the same binding and allows corrected reports without repeating work","status":"passed","title":"freezes state in the same binding and allows corrected reports without repeating work","duration":370.13700000000006,"failureMessages":[],"meta":{},"tags":[]}],"startTime":1789138888165,"endTime":1789138888616.137,"status":"passed","message":"","name":"C:/Users/Darian/Desktop/codex/tracer/test/observation.test.ts"},{"assertionResults":[{"ancestorTitles":["protocol and budget"],"fullName":"protocol and budget binds the USD 2 Luna cohort to its frozen documents and prior accounting","status":"passed","title":"binds the USD 2 Luna cohort to its frozen documents and prior accounting","duration":6.421400000000062,"failureMessages":[],"meta":{},"tags":[]},{"ancestorTitles":["protocol and budget"],"fullName":"protocol and budget has nine fresh seeds, rotating arm order, and no nonce in any request","status":"passed","title":"has nine fresh seeds, rotating arm order, and no nonce in any request","duration":2.152900000000045,"failureMessages":[],"meta":{},"tags":[]},{"ancestorTitles":["protocol and budget"],"fullName":"protocol and budget refuses inference even when a credential could exist","status":"passed","title":"refuses inference even when a credential could exist","duration":2.213700000000017,"failureMessages":[],"meta":{},"tags":[]},{"ancestorTitles":["protocol and budget"],"fullName":"protocol and budget admits the explicitly approved reported-usage policy without claiming a hard cap","status":"passed","title":"admits the explicitly approved reported-usage policy without claiming a hard cap","duration":1.0289000000000215,"failureMessages":[],"meta":{},"tags":[]},{"ancestorTitles":["protocol and budget"],"fullName":"protocol and budget rejects excess output before incrementing admissions","status":"passed","title":"rejects excess output before incrementing admissions","duration":0.4941000000000031,"failureMessages":[],"meta":{},"tags":[]},{"ancestorTitles":["protocol and budget"],"fullName":"protocol and budget caps HTTP requests while reserving cancellation capacity","status":"passed","title":"caps HTTP requests while reserving cancellation capacity","duration":5.375600000000077,"failureMessages":[],"meta":{},"tags":[]},{"ancestorTitles":["protocol and budget"],"fullName":"protocol and budget inventories the pinned real SDK without claiming the error enum is a configurable cap","status":"passed","title":"inventories the pinned real SDK without claiming the error enum is a configurable cap","duration":26.557699999999954,"failureMessages":[],"meta":{},"tags":[]},{"ancestorTitles":["reported usage stopping guard"],"fullName":"reported usage stopping guard deduplicates root/child snapshots and uses the greater aggregate instead of adding it","status":"passed","title":"deduplicates root/child snapshots and uses the greater aggregate instead of adding it","duration":0.945699999999988,"failureMessages":[],"meta":{},"tags":[]},{"ancestorTitles":["reported usage stopping guard"],"fullName":"reported usage stopping guard includes reasoning within output once, ignores cache discounts, and stops at the trial threshold","status":"passed","title":"includes reasoning within output once, ignores cache discounts, and stops at the trial threshold","duration":0.6596000000000686,"failureMessages":[],"meta":{},"tags":[]},{"ancestorTitles":["reported usage stopping guard"],"fullName":"reported usage stopping guard stops on total study usage, missing turns, invalid counts, or a different model","status":"passed","title":"stops on total study usage, missing turns, invalid counts, or a different model","duration":1.2754999999999654,"failureMessages":[],"meta":{},"tags":[]},{"ancestorTitles":["reported usage stopping guard"],"fullName":"reported usage stopping guard includes the previous attempt without treating its usage as current-session telemetry","status":"passed","title":"includes the previous attempt without treating its usage as current-session telemetry","duration":0.4917000000000371,"failureMessages":[],"meta":{},"tags":[]},{"ancestorTitles":["reported usage stopping guard"],"fullName":"reported usage stopping guard reserves missing usage rather than pricing it as zero and releases only to observed cost","status":"passed","title":"reserves missing usage rather than pricing it as zero and releases only to observed cost","duration":0.371599999999944,"failureMessages":[],"meta":{},"tags":[]},{"ancestorTitles":["function and evidence integrity"],"fullName":"function and evidence integrity reuses identical calls, rejects changed duplicates and new calls repeating a logical operation","status":"passed","title":"reuses identical calls, rejects changed duplicates and new calls repeating a logical operation","duration":5.166299999999978,"failureMessages":[],"meta":{},"tags":[]},{"ancestorTitles":["function and evidence integrity"],"fullName":"function and evidence integrity rejects duplicate results","status":"passed","title":"rejects duplicate results","duration":3.027500000000032,"failureMessages":[],"meta":{},"tags":[]},{"ancestorTitles":["function and evidence integrity"],"fullName":"function and evidence integrity rejects missing results","status":"passed","title":"rejects missing results","duration":2.439300000000003,"failureMessages":[],"meta":{},"tags":[]},{"ancestorTitles":["function and evidence integrity"],"fullName":"function and evidence integrity rejects stale results","status":"passed","title":"rejects stale results","duration":2.4355000000000473,"failureMessages":[],"meta":{},"tags":[]},{"ancestorTitles":["function and evidence integrity"],"fullName":"function and evidence integrity rejects extra results","status":"passed","title":"rejects extra results","duration":2.183899999999994,"failureMessages":[],"meta":{},"tags":[]},{"ancestorTitles":["function and evidence integrity"],"fullName":"function and evidence integrity checks exact results independently of the model final answer","status":"passed","title":"checks exact results independently of the model final answer","duration":1.879500000000121,"failureMessages":[],"meta":{},"tags":[]},{"ancestorTitles":["function and evidence integrity"],"fullName":"function and evidence integrity detects tampering and redacts configured secrets","status":"passed","title":"detects tampering and redacts configured secrets","duration":5.356899999999996,"failureMessages":[],"meta":{},"tags":[]},{"ancestorTitles":["function and evidence integrity"],"fullName":"function and evidence integrity collects all pages and refuses a non-terminating page sequence","status":"passed","title":"collects all pages and refuses a non-terminating page sequence","duration":7.766300000000001,"failureMessages":[],"meta":{},"tags":[]},{"ancestorTitles":["falsification decisions"],"fullName":"falsification decisions never treats correct strings and child IDs as proof of the route","status":"passed","title":"never treats correct strings and child IDs as proof of the route","duration":0.7746999999999389,"failureMessages":[],"meta":{},"tags":[]},{"ancestorTitles":["falsification decisions"],"fullName":"falsification decisions supports only all three controlled and independently reviewed blocks","status":"passed","title":"supports only all three controlled and independently reviewed blocks","duration":0.26289999999994507,"failureMessages":[],"meta":{},"tags":[]},{"ancestorTitles":["falsification decisions"],"fullName":"falsification decisions returns a clean negative for repeated verified runtime rejection","status":"passed","title":"returns a clean negative for repeated verified runtime rejection","duration":0.46460000000001855,"failureMessages":[],"meta":{},"tags":[]},{"ancestorTitles":["falsification decisions"],"fullName":"falsification decisions does not call control failures or mixed availability a categorical negative","status":"passed","title":"does not call control failures or mixed availability a categorical negative","duration":0.36159999999995307,"failureMessages":[],"meta":{},"tags":[]},{"ancestorTitles":["falsification decisions"],"fullName":"falsification decisions refuses reuse of a session and incomplete studies","status":"passed","title":"refuses reuse of a session and incomplete studies","duration":0.3168000000000575,"failureMessages":[],"meta":{},"tags":[]},{"ancestorTitles":["official SDK transport, synthetic HTTP only"],"fullName":"official SDK transport, synthetic HTTP only cancels managed work when reported usage reaches the trial stopping threshold","status":"passed","title":"cancels managed work when reported usage reaches the trial stopping threshold","duration":25.41840000000002,"failureMessages":[],"meta":{},"tags":[]},{"ancestorTitles":["official SDK transport, synthetic HTTP only"],"fullName":"official SDK transport, synthetic HTTP only allows delayed usage until the trial deadline and then cancels a silent live stream","status":"passed","title":"allows delayed usage until the trial deadline and then cancels a silent live stream","duration":38.32280000000014,"failureMessages":[],"meta":{},"tags":[]},{"ancestorTitles":["official SDK transport, synthetic HTTP only"],"fullName":"official SDK transport, synthetic HTTP only still cancels if the evidence log reaches its cap","status":"passed","title":"still cancels if the evidence log reaches its cap","duration":7.9198999999998705,"failureMessages":[],"meta":{},"tags":[]},{"ancestorTitles":["official SDK transport, synthetic HTTP only"],"fullName":"official SDK transport, synthetic HTTP only times out a silent stream and sends cancellation instead of merely closing SSE","status":"passed","title":"times out a silent stream and sends cancellation instead of merely closing SSE","duration":8.72609999999986,"failureMessages":[],"meta":{},"tags":[]},{"ancestorTitles":["official SDK transport, synthetic HTTP only"],"fullName":"official SDK transport, synthetic HTTP only retains null usage and never promotes an idle event or child completion into root success","status":"passed","title":"retains null usage and never promotes an idle event or child completion into root success","duration":7.796299999999974,"failureMessages":[],"meta":{},"tags":[]},{"ancestorTitles":["official SDK transport, synthetic HTTP only"],"fullName":"official SDK transport, synthetic HTTP only handles real SDK SSE parsing, pending calls, paginated history and exact oracle checking","status":"passed","title":"handles real SDK SSE parsing, pending calls, paginated history and exact oracle checking","duration":15.963500000000067,"failureMessages":[],"meta":{},"tags":[]}],"startTime":1789138888403,"endTime":1789138888588.9634,"status":"passed","message":"","name":"C:/Users/Darian/Desktop/codex/tracer/test/probe.test.ts"},{"assertionResults":[{"ancestorTitles":["exact external state"],"fullName":"exact external state serves exact bytes by handle and rejects a missing locator or changed file","status":"passed","title":"serves exact bytes by handle and rejects a missing locator or changed file","duration":26.556600000000003,"failureMessages":[],"meta":{},"tags":[]},{"ancestorTitles":["exact external state"],"fullName":"exact external state keeps the handle out of later queries and uses one exact fixed pressure dose","status":"passed","title":"keeps the handle out of later queries and uses one exact fixed pressure dose","duration":21.267099999999914,"failureMessages":[],"meta":{},"tags":[]},{"ancestorTitles":["exact external state"],"fullName":"exact external state does not silently reissue the handle, fix query indices, or reexecute duplicate calls","status":"passed","title":"does not silently reissue the handle, fix query indices, or reexecute duplicate calls","duration":14.459900000000061,"failureMessages":[],"meta":{},"tags":[]},{"ancestorTitles":["exact external state"],"fullName":"exact external state checks the actual submitted data against immutable bytes (correct=true)","status":"passed","title":"checks the actual submitted data against immutable bytes (correct=true)","duration":29.617500000000064,"failureMessages":[],"meta":{},"tags":[]},{"ancestorTitles":["exact external state"],"fullName":"exact external state checks the actual submitted data against immutable bytes (correct=false)","status":"passed","title":"checks the actual submitted data against immutable bytes (correct=false)","duration":29.70550000000003,"failureMessages":[],"meta":{},"tags":[]},{"ancestorTitles":["compaction evidence classification"],"fullName":"compaction evidence classification never promotes successful pressure retrieval into proof of compaction","status":"passed","title":"never promotes successful pressure retrieval into proof of compaction","duration":0.38659999999993033,"failureMessages":[],"meta":{},"tags":[]},{"ancestorTitles":["compaction evidence classification"],"fullName":"compaction evidence classification can support verified boundaries or falsify locator survival with an intact store","status":"passed","title":"can support verified boundaries or falsify locator survival with an intact store","duration":0.25460000000009586,"failureMessages":[],"meta":{},"tags":[]},{"ancestorTitles":["official SDK continuation transport"],"fullName":"official SDK continuation transport subscribes before one input message and continues the same session without creating another","status":"passed","title":"subscribes before one input message and continues the same session without creating another","duration":43.33100000000002,"failureMessages":[],"meta":{},"tags":[]}],"startTime":1789138888068,"endTime":1789138888234.331,"status":"passed","message":"","name":"C:/Users/Darian/Desktop/codex/tracer/test/state.test.ts"}]}